<!DOCTYPE html>
<html>
  <head>
    <meta charset="utf-8"/>
    <title id="head-title">login_test_report_20250825_150251.html</title>
      <style type="text/css">body {
  font-family: Helvetica, Arial, sans-serif;
  font-size: 12px;
  /* do not increase min-width as some may use split screens */
  min-width: 800px;
  color: #999;
}

h1 {
  font-size: 24px;
  color: black;
}

h2 {
  font-size: 16px;
  color: black;
}

p {
  color: black;
}

a {
  color: #999;
}

table {
  border-collapse: collapse;
}

/******************************
 * SUMMARY INFORMATION
 ******************************/
#environment td {
  padding: 5px;
  border: 1px solid #e6e6e6;
  vertical-align: top;
}
#environment tr:nth-child(odd) {
  background-color: #f6f6f6;
}
#environment ul {
  margin: 0;
  padding: 0 20px;
}

/******************************
 * TEST RESULT COLORS
 ******************************/
span.passed,
.passed .col-result {
  color: green;
}

span.skipped,
span.xfailed,
span.rerun,
.skipped .col-result,
.xfailed .col-result,
.rerun .col-result {
  color: orange;
}

span.error,
span.failed,
span.xpassed,
.error .col-result,
.failed .col-result,
.xpassed .col-result {
  color: red;
}

.col-links__extra {
  margin-right: 3px;
}

/******************************
 * RESULTS TABLE
 *
 * 1. Table Layout
 * 2. Extra
 * 3. Sorting items
 *
 ******************************/
/*------------------
 * 1. Table Layout
 *------------------*/
#results-table {
  border: 1px solid #e6e6e6;
  color: #999;
  font-size: 12px;
  width: 100%;
}
#results-table th,
#results-table td {
  padding: 5px;
  border: 1px solid #e6e6e6;
  text-align: left;
}
#results-table th {
  font-weight: bold;
}

/*------------------
 * 2. Extra
 *------------------*/
.logwrapper {
  max-height: 230px;
  overflow-y: scroll;
  background-color: #e6e6e6;
}
.logwrapper.expanded {
  max-height: none;
}
.logwrapper.expanded .logexpander:after {
  content: "collapse [-]";
}
.logwrapper .logexpander {
  z-index: 1;
  position: sticky;
  top: 10px;
  width: max-content;
  border: 1px solid;
  border-radius: 3px;
  padding: 5px 7px;
  margin: 10px 0 10px calc(100% - 80px);
  cursor: pointer;
  background-color: #e6e6e6;
}
.logwrapper .logexpander:after {
  content: "expand [+]";
}
.logwrapper .logexpander:hover {
  color: #000;
  border-color: #000;
}
.logwrapper .log {
  min-height: 40px;
  position: relative;
  top: -50px;
  height: calc(100% + 50px);
  border: 1px solid #e6e6e6;
  color: black;
  display: block;
  font-family: "Courier New", Courier, monospace;
  padding: 5px;
  padding-right: 80px;
  white-space: pre-wrap;
}

div.media {
  border: 1px solid #e6e6e6;
  float: right;
  height: 240px;
  margin: 0 5px;
  overflow: hidden;
  width: 320px;
}

.media-container {
  display: grid;
  grid-template-columns: 25px auto 25px;
  align-items: center;
  flex: 1 1;
  overflow: hidden;
  height: 200px;
}

.media-container--fullscreen {
  grid-template-columns: 0px auto 0px;
}

.media-container__nav--right,
.media-container__nav--left {
  text-align: center;
  cursor: pointer;
}

.media-container__viewport {
  cursor: pointer;
  text-align: center;
  height: inherit;
}
.media-container__viewport img,
.media-container__viewport video {
  object-fit: cover;
  width: 100%;
  max-height: 100%;
}

.media__name,
.media__counter {
  display: flex;
  flex-direction: row;
  justify-content: space-around;
  flex: 0 0 25px;
  align-items: center;
}

.collapsible td:not(.col-links) {
  cursor: pointer;
}
.collapsible td:not(.col-links):hover::after {
  color: #bbb;
  font-style: italic;
  cursor: pointer;
}

.col-result {
  width: 130px;
}
.col-result:hover::after {
  content: " (hide details)";
}

.col-result.collapsed:hover::after {
  content: " (show details)";
}

#environment-header h2:hover::after {
  content: " (hide details)";
  color: #bbb;
  font-style: italic;
  cursor: pointer;
  font-size: 12px;
}

#environment-header.collapsed h2:hover::after {
  content: " (show details)";
  color: #bbb;
  font-style: italic;
  cursor: pointer;
  font-size: 12px;
}

/*------------------
 * 3. Sorting items
 *------------------*/
.sortable {
  cursor: pointer;
}
.sortable.desc:after {
  content: " ";
  position: relative;
  left: 5px;
  bottom: -12.5px;
  border: 10px solid #4caf50;
  border-bottom: 0;
  border-left-color: transparent;
  border-right-color: transparent;
}
.sortable.asc:after {
  content: " ";
  position: relative;
  left: 5px;
  bottom: 12.5px;
  border: 10px solid #4caf50;
  border-top: 0;
  border-left-color: transparent;
  border-right-color: transparent;
}

.hidden, .summary__reload__button.hidden {
  display: none;
}

.summary__data {
  flex: 0 0 550px;
}
.summary__reload {
  flex: 1 1;
  display: flex;
  justify-content: center;
}
.summary__reload__button {
  flex: 0 0 300px;
  display: flex;
  color: white;
  font-weight: bold;
  background-color: #4caf50;
  text-align: center;
  justify-content: center;
  align-items: center;
  border-radius: 3px;
  cursor: pointer;
}
.summary__reload__button:hover {
  background-color: #46a049;
}
.summary__spacer {
  flex: 0 0 550px;
}

.controls {
  display: flex;
  justify-content: space-between;
}

.filters,
.collapse {
  display: flex;
  align-items: center;
}
.filters button,
.collapse button {
  color: #999;
  border: none;
  background: none;
  cursor: pointer;
  text-decoration: underline;
}
.filters button:hover,
.collapse button:hover {
  color: #ccc;
}

.filter__label {
  margin-right: 10px;
}

      </style>
    
  </head>
  <body>
    <h1 id="title">login_test_report_20250825_150251.html</h1>
    <p>Report generated on 25-Aug-2025 at 15:03:14 by <a href="https://pypi.python.org/pypi/pytest-html">pytest-html</a>
        v4.1.1</p>
    <div id="environment-header">
      <h2>Environment</h2>
    </div>
    <table id="environment"></table>
    <!-- TEMPLATES -->
      <template id="template_environment_row">
      <tr>
        <td></td>
        <td></td>
      </tr>
    </template>
    <template id="template_results-table__body--empty">
      <tbody class="results-table-row">
        <tr id="not-found-message">
          <td colspan="4">No results found. Check the filters.</th>
        </tr>
    </template>
    <template id="template_results-table__tbody">
      <tbody class="results-table-row">
        <tr class="collapsible">
        </tr>
        <tr class="extras-row">
          <td class="extra" colspan="4">
            <div class="extraHTML"></div>
            <div class="media">
              <div class="media-container">
                  <div class="media-container__nav--left"><</div>
                  <div class="media-container__viewport">
                    <img src="" />
                    <video controls>
                      <source src="" type="video/mp4">
                    </video>
                  </div>
                  <div class="media-container__nav--right">></div>
                </div>
                <div class="media__name"></div>
                <div class="media__counter"></div>
            </div>
            <div class="logwrapper">
              <div class="logexpander"></div>
              <div class="log"></div>
            </div>
          </td>
        </tr>
      </tbody>
    </template>
    <!-- END TEMPLATES -->
    <div class="summary">
      <div class="summary__data">
        <h2>Summary</h2>
        <div class="additional-summary prefix">
        </div>
        <p class="run-count">8 tests took 00:00:22.</p>
        <p class="filter">(Un)check the boxes to filter the results.</p>
        <div class="summary__reload">
          <div class="summary__reload__button hidden" onclick="location.reload()">
            <div>There are still tests running. <br />Reload this page to get the latest results!</div>
          </div>
        </div>
        <div class="summary__spacer"></div>
        <div class="controls">
          <div class="filters">
            <input checked="true" class="filter" name="filter_checkbox" type="checkbox" data-test-result="failed" />
            <span class="failed">8 Failed,</span>
            <input checked="true" class="filter" name="filter_checkbox" type="checkbox" data-test-result="passed" disabled/>
            <span class="passed">0 Passed,</span>
            <input checked="true" class="filter" name="filter_checkbox" type="checkbox" data-test-result="skipped" disabled/>
            <span class="skipped">0 Skipped,</span>
            <input checked="true" class="filter" name="filter_checkbox" type="checkbox" data-test-result="xfailed" disabled/>
            <span class="xfailed">0 Expected failures,</span>
            <input checked="true" class="filter" name="filter_checkbox" type="checkbox" data-test-result="xpassed" disabled/>
            <span class="xpassed">0 Unexpected passes,</span>
            <input checked="true" class="filter" name="filter_checkbox" type="checkbox" data-test-result="error" />
            <span class="error">8 Errors,</span>
            <input checked="true" class="filter" name="filter_checkbox" type="checkbox" data-test-result="rerun" disabled/>
            <span class="rerun">0 Reruns</span>
          </div>
          <div class="collapse">
            <button id="show_all_details">Show all details</button>&nbsp;/&nbsp;<button id="hide_all_details">Hide all details</button>
          </div>
        </div>
      </div>
      <div class="additional-summary summary">
      </div>
      <div class="additional-summary postfix">
      </div>
    </div>
    <table id="results-table">
      <thead id="results-table-head">
        <tr>
          <th class="sortable" data-column-type="result">Result</th>
          <th class="sortable" data-column-type="testId">Test</th>
          <th class="sortable" data-column-type="duration">Duration</th>
          <th>Links</th>
        </tr>
      </thead>
    </table>
  </body>
  <footer>
    <div id="data-container" data-jsonblob="{&#34;environment&#34;: {&#34;Python&#34;: &#34;3.9.6&#34;, &#34;Platform&#34;: &#34;macOS-15.3.1-arm64-arm-64bit&#34;, &#34;Packages&#34;: {&#34;pytest&#34;: &#34;7.4.3&#34;, &#34;pluggy&#34;: &#34;1.6.0&#34;}, &#34;Plugins&#34;: {&#34;Faker&#34;: &#34;22.6.0&#34;, &#34;sugar&#34;: &#34;1.0.0&#34;, &#34;html&#34;: &#34;4.1.1&#34;, &#34;json-report&#34;: &#34;1.5.0&#34;, &#34;metadata&#34;: &#34;3.1.1&#34;, &#34;cov&#34;: &#34;4.1.0&#34;, &#34;rerunfailures&#34;: &#34;15.1&#34;, &#34;ordering&#34;: &#34;0.6&#34;, &#34;xdist&#34;: &#34;3.5.0&#34;, &#34;allure-pytest&#34;: &#34;2.13.2&#34;}}, &#34;tests&#34;: {&#34;tests/test_login.py::TestLogin::test_valid_login&#34;: [{&#34;extras&#34;: [], &#34;result&#34;: &#34;Failed&#34;, &#34;testId&#34;: &#34;tests/test_login.py::TestLogin::test_valid_login&#34;, &#34;duration&#34;: &#34;00:00:06&#34;, &#34;resultsTableRow&#34;: [&#34;&lt;td class=\&#34;col-result\&#34;&gt;Failed&lt;/td&gt;&#34;, &#34;&lt;td class=\&#34;col-testId\&#34;&gt;tests/test_login.py::TestLogin::test_valid_login&lt;/td&gt;&#34;, &#34;&lt;td class=\&#34;col-duration\&#34;&gt;00:00:06&lt;/td&gt;&#34;, &#34;&lt;td class=\&#34;col-links\&#34;&gt;&lt;/td&gt;&#34;], &#34;log&#34;: &#34;self = &amp;lt;tests.test_login.TestLogin object at 0x104b69d90&amp;gt;\n\n    def test_valid_login(self):\n        &amp;quot;&amp;quot;&amp;quot;Test login with valid credentials and validate redirect to OTP page&amp;quot;&amp;quot;&amp;quot;\n        try:\n            self.add_test_step(&amp;quot;Starting valid login test&amp;quot;)\n    \n            # Get valid credentials from test data\n            credentials = self.test_data_manager.get_login_credentials(&amp;quot;valid_user&amp;quot;)\n    \n            self.add_test_step(f&amp;quot;Using credentials: {credentials[&amp;#x27;email&amp;#x27;]}&amp;quot;)\n    \n            # Perform complete login validation with OTP redirect check\n            self.add_test_step(&amp;quot;Performing complete login validation with OTP redirect check&amp;quot;)\n            result = self.login_page.validate_successful_login_flow(\n                email=credentials[&amp;#x27;email&amp;#x27;],\n                password=credentials[&amp;#x27;password&amp;#x27;],\n                accept_terms=True,\n                timeout=15\n            )\n    \n            # Log detailed results\n            self.add_test_step(f&amp;quot;Login attempted: {result[&amp;#x27;login_attempted&amp;#x27;]}&amp;quot;)\n            self.add_test_step(f&amp;quot;Login successful: {result[&amp;#x27;login_successful&amp;#x27;]}&amp;quot;)\n            self.add_test_step(f&amp;quot;Redirected to OTP: {result[&amp;#x27;redirected_to_otp&amp;#x27;]}&amp;quot;)\n            self.add_test_step(f&amp;quot;Final URL: {result[&amp;#x27;final_url&amp;#x27;]}&amp;quot;)\n            self.add_test_step(f&amp;quot;Execution time: {result[&amp;#x27;execution_time&amp;#x27;]:.2f} seconds&amp;quot;)\n    \n            if result[&amp;#x27;error_message&amp;#x27;]:\n                self.add_test_step(f&amp;quot;Error message: {result[&amp;#x27;error_message&amp;#x27;]}&amp;quot;)\n    \n            # Assertions for validation\n&amp;gt;           assert result[&amp;#x27;login_attempted&amp;#x27;], &amp;quot;Login was not attempted&amp;quot;\nE           AssertionError: Login was not attempted\nE           assert False\n\ntests/test_login.py:115: AssertionError\n\n------------------------------ Captured log setup ------------------------------\nINFO     UIAutomationLogger:logger.py:56 Logger initialized. Log file: /Users/shtlpmac015/Desktop/Jump-UI-Automation/utils/../logs/test_execution_20250825_150252.log\nINFO     UIAutomationLogger:logger.py:60 Starting Login Test Suite\nINFO     UIAutomationLogger:logger.py:80 ==================================================\nINFO     UIAutomationLogger:logger.py:81 STARTING TEST: test_valid_login\nINFO     UIAutomationLogger:logger.py:82 ==================================================\n\n------------------------------ Captured log call -------------------------------\nINFO     UIAutomationLogger:logger.py:92 STEP: Starting valid login test\nINFO     UIAutomationLogger:logger.py:92 STEP: Using credentials: test@example.com\nINFO     UIAutomationLogger:logger.py:92 STEP: Performing complete login validation with OTP redirect check\nINFO     UIAutomationLogger:logger.py:92 STEP: Login attempted: False\nINFO     UIAutomationLogger:logger.py:92 STEP: Login successful: False\nINFO     UIAutomationLogger:logger.py:92 STEP: Redirected to OTP: False\nINFO     UIAutomationLogger:logger.py:92 STEP: Final URL: https://valueinsightpro.jumpiq.com/auth/login\nINFO     UIAutomationLogger:logger.py:92 STEP: Execution time: 0.34 seconds\nINFO     UIAutomationLogger:logger.py:92 STEP: Error message: Exception during login validation: &amp;#x27;str&amp;#x27; object has no attribute &amp;#x27;name&amp;#x27;\nERROR    UIAutomationLogger:logger.py:118 EXCEPTION in test_valid_login: Login was not attempted\nassert False\n\n---------------------------- Captured log teardown -----------------------------\nINFO     UIAutomationLogger:logger.py:86 ==================================================\nINFO     UIAutomationLogger:logger.py:87 FINISHED TEST: test_valid_login - STATUS: FAILED\nINFO     UIAutomationLogger:logger.py:88 ==================================================&#34;}, {&#34;extras&#34;: [], &#34;result&#34;: &#34;Error&#34;, &#34;testId&#34;: &#34;tests/test_login.py::TestLogin::test_valid_login::teardown&#34;, &#34;duration&#34;: &#34;340 ms&#34;, &#34;resultsTableRow&#34;: [&#34;&lt;td class=\&#34;col-result\&#34;&gt;Error&lt;/td&gt;&#34;, &#34;&lt;td class=\&#34;col-testId\&#34;&gt;tests/test_login.py::TestLogin::test_valid_login::teardown&lt;/td&gt;&#34;, &#34;&lt;td class=\&#34;col-duration\&#34;&gt;340 ms&lt;/td&gt;&#34;, &#34;&lt;td class=\&#34;col-links\&#34;&gt;&lt;/td&gt;&#34;], &#34;log&#34;: &#34;self = &amp;lt;tests.test_login.TestLogin object at 0x104b69d90&amp;gt;\nrequest = &amp;lt;SubRequest &amp;#x27;track_test_failure&amp;#x27; for &amp;lt;Function test_valid_login&amp;gt;&amp;gt;\n\n    @pytest.fixture(autouse=True)\n    def track_test_failure(self, request):\n        &amp;quot;&amp;quot;&amp;quot;Fixture to track test failure status&amp;quot;&amp;quot;&amp;quot;\n        self._test_failed = False\n        yield\n        # Check if test failed\n&amp;gt;       if request.node.rep_call.failed:\nE       AttributeError: &amp;#x27;Function&amp;#x27; object has no attribute &amp;#x27;rep_call&amp;#x27;\n\nbase/base_test.py:201: AttributeError\n\n------------------------------ Captured log setup ------------------------------\nINFO     UIAutomationLogger:logger.py:56 Logger initialized. Log file: /Users/shtlpmac015/Desktop/Jump-UI-Automation/utils/../logs/test_execution_20250825_150252.log\nINFO     UIAutomationLogger:logger.py:60 Starting Login Test Suite\nINFO     UIAutomationLogger:logger.py:80 ==================================================\nINFO     UIAutomationLogger:logger.py:81 STARTING TEST: test_valid_login\nINFO     UIAutomationLogger:logger.py:82 ==================================================\n\n------------------------------ Captured log call -------------------------------\nINFO     UIAutomationLogger:logger.py:92 STEP: Starting valid login test\nINFO     UIAutomationLogger:logger.py:92 STEP: Using credentials: test@example.com\nINFO     UIAutomationLogger:logger.py:92 STEP: Performing complete login validation with OTP redirect check\nINFO     UIAutomationLogger:logger.py:92 STEP: Login attempted: False\nINFO     UIAutomationLogger:logger.py:92 STEP: Login successful: False\nINFO     UIAutomationLogger:logger.py:92 STEP: Redirected to OTP: False\nINFO     UIAutomationLogger:logger.py:92 STEP: Final URL: https://valueinsightpro.jumpiq.com/auth/login\nINFO     UIAutomationLogger:logger.py:92 STEP: Execution time: 0.34 seconds\nINFO     UIAutomationLogger:logger.py:92 STEP: Error message: Exception during login validation: &amp;#x27;str&amp;#x27; object has no attribute &amp;#x27;name&amp;#x27;\nERROR    UIAutomationLogger:logger.py:118 EXCEPTION in test_valid_login: Login was not attempted\nassert False\n\n\n---------------------------- Captured log teardown -----------------------------\nINFO     UIAutomationLogger:logger.py:86 ==================================================\nINFO     UIAutomationLogger:logger.py:87 FINISHED TEST: test_valid_login - STATUS: FAILED\nINFO     UIAutomationLogger:logger.py:88 ==================================================\n&#34;}], &#34;tests/test_login.py::TestLogin::test_invalid_email&#34;: [{&#34;extras&#34;: [], &#34;result&#34;: &#34;Failed&#34;, &#34;testId&#34;: &#34;tests/test_login.py::TestLogin::test_invalid_email&#34;, &#34;duration&#34;: &#34;00:00:02&#34;, &#34;resultsTableRow&#34;: [&#34;&lt;td class=\&#34;col-result\&#34;&gt;Failed&lt;/td&gt;&#34;, &#34;&lt;td class=\&#34;col-testId\&#34;&gt;tests/test_login.py::TestLogin::test_invalid_email&lt;/td&gt;&#34;, &#34;&lt;td class=\&#34;col-duration\&#34;&gt;00:00:02&lt;/td&gt;&#34;, &#34;&lt;td class=\&#34;col-links\&#34;&gt;&lt;/td&gt;&#34;], &#34;log&#34;: &#34;self = &amp;lt;tests.test_login.TestLogin object at 0x104b69640&amp;gt;\n\n    def test_invalid_email(self):\n        &amp;quot;&amp;quot;&amp;quot;Test login with invalid email&amp;quot;&amp;quot;&amp;quot;\n        try:\n            self.add_test_step(&amp;quot;Starting invalid email test&amp;quot;)\n    \n            # Get invalid credentials\n            credentials = self.test_data_manager.get_login_credentials(&amp;quot;invalid_user&amp;quot;)\n    \n            self.add_test_step(f&amp;quot;Using invalid email: {credentials[&amp;#x27;email&amp;#x27;]}&amp;quot;)\n    \n            # Navigate to login page\n            self.add_test_step(&amp;quot;Navigating to login page&amp;quot;)\n            assert self.login_page.navigate_to_login_page(), &amp;quot;Failed to navigate to login page&amp;quot;\n    \n            # Verify login page is loaded\n            self.add_test_step(&amp;quot;Verifying login page elements are present&amp;quot;)\n&amp;gt;           assert self.login_page.is_login_page_loaded(), &amp;quot;Login page is not properly loaded&amp;quot;\n\ntests/test_login.py:147: \n_ _ _ _ _ _ _ _ _ _ _ _ _ _ _ _ _ _ _ _ _ _ _ _ _ _ _ _ _ _ _ _ _ _ _ _ _ _ _ _ _ _ _ _ _ _ _ _ _ _ _ _ _ _ \n\nself = &amp;lt;pages.login_page.LoginPage object at 0x107591bb0&amp;gt;\n\n    def is_login_page_loaded(self):\n        &amp;quot;&amp;quot;&amp;quot;Check if login page is properly loaded&amp;quot;&amp;quot;&amp;quot;\n        print(&amp;quot;Checking if login page is loaded&amp;quot;)\n    \n        # Check if all required elements are present using config locators\n        email_locator = self.locator_manager.get_locator(self.page_name, &amp;#x27;email_field&amp;#x27;)\n        password_locator = self.locator_manager.get_locator(self.page_name, &amp;#x27;password_field&amp;#x27;)\n        checkbox_locator = self.locator_manager.get_locator(self.page_name, &amp;#x27;terms_checkbox&amp;#x27;)\n        button_locator = self.locator_manager.get_locator(self.page_name, &amp;#x27;sign_in_button&amp;#x27;)\n    \n        elements_present = (\n&amp;gt;           self.is_element_present(email_locator[0].name.lower(), email_locator[1]) and\n            self.is_element_present(password_locator[0].name.lower(), password_locator[1]) and\n            self.is_element_present(checkbox_locator[0].name.lower(), checkbox_locator[1]) and\n            self.is_element_present(button_locator[0].name.lower(), button_locator[1])\n        )\nE       AttributeError: &amp;#x27;str&amp;#x27; object has no attribute &amp;#x27;name&amp;#x27;\n\npages/login_page.py:129: AttributeError\n\n------------------------------ Captured log setup ------------------------------\nINFO     UIAutomationLogger:logger.py:80 ==================================================\nINFO     UIAutomationLogger:logger.py:81 STARTING TEST: test_invalid_email\nINFO     UIAutomationLogger:logger.py:82 ==================================================\n\n------------------------------ Captured log call -------------------------------\nINFO     UIAutomationLogger:logger.py:92 STEP: Starting invalid email test\nINFO     UIAutomationLogger:logger.py:92 STEP: Using invalid email: invalid@example.com\nINFO     UIAutomationLogger:logger.py:92 STEP: Navigating to login page\nINFO     UIAutomationLogger:logger.py:92 STEP: Verifying login page elements are present\nERROR    UIAutomationLogger:logger.py:118 EXCEPTION in test_invalid_email: &amp;#x27;str&amp;#x27; object has no attribute &amp;#x27;name&amp;#x27;\n\n---------------------------- Captured log teardown -----------------------------\nINFO     UIAutomationLogger:logger.py:86 ==================================================\nINFO     UIAutomationLogger:logger.py:87 FINISHED TEST: test_invalid_email - STATUS: FAILED\nINFO     UIAutomationLogger:logger.py:88 ==================================================&#34;}, {&#34;extras&#34;: [], &#34;result&#34;: &#34;Error&#34;, &#34;testId&#34;: &#34;tests/test_login.py::TestLogin::test_invalid_email::teardown&#34;, &#34;duration&#34;: &#34;192 ms&#34;, &#34;resultsTableRow&#34;: [&#34;&lt;td class=\&#34;col-result\&#34;&gt;Error&lt;/td&gt;&#34;, &#34;&lt;td class=\&#34;col-testId\&#34;&gt;tests/test_login.py::TestLogin::test_invalid_email::teardown&lt;/td&gt;&#34;, &#34;&lt;td class=\&#34;col-duration\&#34;&gt;192 ms&lt;/td&gt;&#34;, &#34;&lt;td class=\&#34;col-links\&#34;&gt;&lt;/td&gt;&#34;], &#34;log&#34;: &#34;self = &amp;lt;tests.test_login.TestLogin object at 0x104b69640&amp;gt;\nrequest = &amp;lt;SubRequest &amp;#x27;track_test_failure&amp;#x27; for &amp;lt;Function test_invalid_email&amp;gt;&amp;gt;\n\n    @pytest.fixture(autouse=True)\n    def track_test_failure(self, request):\n        &amp;quot;&amp;quot;&amp;quot;Fixture to track test failure status&amp;quot;&amp;quot;&amp;quot;\n        self._test_failed = False\n        yield\n        # Check if test failed\n&amp;gt;       if request.node.rep_call.failed:\nE       AttributeError: &amp;#x27;Function&amp;#x27; object has no attribute &amp;#x27;rep_call&amp;#x27;\n\nbase/base_test.py:201: AttributeError\n\n------------------------------ Captured log setup ------------------------------\nINFO     UIAutomationLogger:logger.py:80 ==================================================\nINFO     UIAutomationLogger:logger.py:81 STARTING TEST: test_invalid_email\nINFO     UIAutomationLogger:logger.py:82 ==================================================\n\n------------------------------ Captured log call -------------------------------\nINFO     UIAutomationLogger:logger.py:92 STEP: Starting invalid email test\nINFO     UIAutomationLogger:logger.py:92 STEP: Using invalid email: invalid@example.com\nINFO     UIAutomationLogger:logger.py:92 STEP: Navigating to login page\nINFO     UIAutomationLogger:logger.py:92 STEP: Verifying login page elements are present\nERROR    UIAutomationLogger:logger.py:118 EXCEPTION in test_invalid_email: &amp;#x27;str&amp;#x27; object has no attribute &amp;#x27;name&amp;#x27;\n\n\n---------------------------- Captured log teardown -----------------------------\nINFO     UIAutomationLogger:logger.py:86 ==================================================\nINFO     UIAutomationLogger:logger.py:87 FINISHED TEST: test_invalid_email - STATUS: FAILED\nINFO     UIAutomationLogger:logger.py:88 ==================================================\n&#34;}], &#34;tests/test_login.py::TestLogin::test_empty_email&#34;: [{&#34;extras&#34;: [], &#34;result&#34;: &#34;Failed&#34;, &#34;testId&#34;: &#34;tests/test_login.py::TestLogin::test_empty_email&#34;, &#34;duration&#34;: &#34;00:00:02&#34;, &#34;resultsTableRow&#34;: [&#34;&lt;td class=\&#34;col-result\&#34;&gt;Failed&lt;/td&gt;&#34;, &#34;&lt;td class=\&#34;col-testId\&#34;&gt;tests/test_login.py::TestLogin::test_empty_email&lt;/td&gt;&#34;, &#34;&lt;td class=\&#34;col-duration\&#34;&gt;00:00:02&lt;/td&gt;&#34;, &#34;&lt;td class=\&#34;col-links\&#34;&gt;&lt;/td&gt;&#34;], &#34;log&#34;: &#34;self = &amp;lt;tests.test_login.TestLogin object at 0x104b69d00&amp;gt;\n\n    def test_empty_email(self):\n        &amp;quot;&amp;quot;&amp;quot;Test login with empty email field&amp;quot;&amp;quot;&amp;quot;\n        try:\n            self.add_test_step(&amp;quot;Starting empty email test&amp;quot;)\n    \n            # Navigate to login page\n            self.add_test_step(&amp;quot;Navigating to login page&amp;quot;)\n            assert self.login_page.navigate_to_login_page(), &amp;quot;Failed to navigate to login page&amp;quot;\n    \n            # Verify login page is loaded\n            self.add_test_step(&amp;quot;Verifying login page elements are present&amp;quot;)\n&amp;gt;           assert self.login_page.is_login_page_loaded(), &amp;quot;Login page is not properly loaded&amp;quot;\n\ntests/test_login.py:187: \n_ _ _ _ _ _ _ _ _ _ _ _ _ _ _ _ _ _ _ _ _ _ _ _ _ _ _ _ _ _ _ _ _ _ _ _ _ _ _ _ _ _ _ _ _ _ _ _ _ _ _ _ _ _ \n\nself = &amp;lt;pages.login_page.LoginPage object at 0x104c67af0&amp;gt;\n\n    def is_login_page_loaded(self):\n        &amp;quot;&amp;quot;&amp;quot;Check if login page is properly loaded&amp;quot;&amp;quot;&amp;quot;\n        print(&amp;quot;Checking if login page is loaded&amp;quot;)\n    \n        # Check if all required elements are present using config locators\n        email_locator = self.locator_manager.get_locator(self.page_name, &amp;#x27;email_field&amp;#x27;)\n        password_locator = self.locator_manager.get_locator(self.page_name, &amp;#x27;password_field&amp;#x27;)\n        checkbox_locator = self.locator_manager.get_locator(self.page_name, &amp;#x27;terms_checkbox&amp;#x27;)\n        button_locator = self.locator_manager.get_locator(self.page_name, &amp;#x27;sign_in_button&amp;#x27;)\n    \n        elements_present = (\n&amp;gt;           self.is_element_present(email_locator[0].name.lower(), email_locator[1]) and\n            self.is_element_present(password_locator[0].name.lower(), password_locator[1]) and\n            self.is_element_present(checkbox_locator[0].name.lower(), checkbox_locator[1]) and\n            self.is_element_present(button_locator[0].name.lower(), button_locator[1])\n        )\nE       AttributeError: &amp;#x27;str&amp;#x27; object has no attribute &amp;#x27;name&amp;#x27;\n\npages/login_page.py:129: AttributeError\n\n------------------------------ Captured log setup ------------------------------\nINFO     UIAutomationLogger:logger.py:80 ==================================================\nINFO     UIAutomationLogger:logger.py:81 STARTING TEST: test_empty_email\nINFO     UIAutomationLogger:logger.py:82 ==================================================\n\n------------------------------ Captured log call -------------------------------\nINFO     UIAutomationLogger:logger.py:92 STEP: Starting empty email test\nINFO     UIAutomationLogger:logger.py:92 STEP: Navigating to login page\nINFO     UIAutomationLogger:logger.py:92 STEP: Verifying login page elements are present\nERROR    UIAutomationLogger:logger.py:118 EXCEPTION in test_empty_email: &amp;#x27;str&amp;#x27; object has no attribute &amp;#x27;name&amp;#x27;\n\n---------------------------- Captured log teardown -----------------------------\nINFO     UIAutomationLogger:logger.py:86 ==================================================\nINFO     UIAutomationLogger:logger.py:87 FINISHED TEST: test_empty_email - STATUS: FAILED\nINFO     UIAutomationLogger:logger.py:88 ==================================================&#34;}, {&#34;extras&#34;: [], &#34;result&#34;: &#34;Error&#34;, &#34;testId&#34;: &#34;tests/test_login.py::TestLogin::test_empty_email::teardown&#34;, &#34;duration&#34;: &#34;274 ms&#34;, &#34;resultsTableRow&#34;: [&#34;&lt;td class=\&#34;col-result\&#34;&gt;Error&lt;/td&gt;&#34;, &#34;&lt;td class=\&#34;col-testId\&#34;&gt;tests/test_login.py::TestLogin::test_empty_email::teardown&lt;/td&gt;&#34;, &#34;&lt;td class=\&#34;col-duration\&#34;&gt;274 ms&lt;/td&gt;&#34;, &#34;&lt;td class=\&#34;col-links\&#34;&gt;&lt;/td&gt;&#34;], &#34;log&#34;: &#34;self = &amp;lt;tests.test_login.TestLogin object at 0x104b69d00&amp;gt;\nrequest = &amp;lt;SubRequest &amp;#x27;track_test_failure&amp;#x27; for &amp;lt;Function test_empty_email&amp;gt;&amp;gt;\n\n    @pytest.fixture(autouse=True)\n    def track_test_failure(self, request):\n        &amp;quot;&amp;quot;&amp;quot;Fixture to track test failure status&amp;quot;&amp;quot;&amp;quot;\n        self._test_failed = False\n        yield\n        # Check if test failed\n&amp;gt;       if request.node.rep_call.failed:\nE       AttributeError: &amp;#x27;Function&amp;#x27; object has no attribute &amp;#x27;rep_call&amp;#x27;\n\nbase/base_test.py:201: AttributeError\n\n------------------------------ Captured log setup ------------------------------\nINFO     UIAutomationLogger:logger.py:80 ==================================================\nINFO     UIAutomationLogger:logger.py:81 STARTING TEST: test_empty_email\nINFO     UIAutomationLogger:logger.py:82 ==================================================\n\n------------------------------ Captured log call -------------------------------\nINFO     UIAutomationLogger:logger.py:92 STEP: Starting empty email test\nINFO     UIAutomationLogger:logger.py:92 STEP: Navigating to login page\nINFO     UIAutomationLogger:logger.py:92 STEP: Verifying login page elements are present\nERROR    UIAutomationLogger:logger.py:118 EXCEPTION in test_empty_email: &amp;#x27;str&amp;#x27; object has no attribute &amp;#x27;name&amp;#x27;\n\n\n---------------------------- Captured log teardown -----------------------------\nINFO     UIAutomationLogger:logger.py:86 ==================================================\nINFO     UIAutomationLogger:logger.py:87 FINISHED TEST: test_empty_email - STATUS: FAILED\nINFO     UIAutomationLogger:logger.py:88 ==================================================\n&#34;}], &#34;tests/test_login.py::TestLogin::test_empty_password&#34;: [{&#34;extras&#34;: [], &#34;result&#34;: &#34;Failed&#34;, &#34;testId&#34;: &#34;tests/test_login.py::TestLogin::test_empty_password&#34;, &#34;duration&#34;: &#34;00:00:02&#34;, &#34;resultsTableRow&#34;: [&#34;&lt;td class=\&#34;col-result\&#34;&gt;Failed&lt;/td&gt;&#34;, &#34;&lt;td class=\&#34;col-testId\&#34;&gt;tests/test_login.py::TestLogin::test_empty_password&lt;/td&gt;&#34;, &#34;&lt;td class=\&#34;col-duration\&#34;&gt;00:00:02&lt;/td&gt;&#34;, &#34;&lt;td class=\&#34;col-links\&#34;&gt;&lt;/td&gt;&#34;], &#34;log&#34;: &#34;self = &amp;lt;tests.test_login.TestLogin object at 0x104b69730&amp;gt;\n\n    def test_empty_password(self):\n        &amp;quot;&amp;quot;&amp;quot;Test login with empty password field&amp;quot;&amp;quot;&amp;quot;\n        try:\n            self.add_test_step(&amp;quot;Starting empty password test&amp;quot;)\n    \n            # Navigate to login page\n            self.add_test_step(&amp;quot;Navigating to login page&amp;quot;)\n            assert self.login_page.navigate_to_login_page(), &amp;quot;Failed to navigate to login page&amp;quot;\n    \n            # Verify login page is loaded\n            self.add_test_step(&amp;quot;Verifying login page elements are present&amp;quot;)\n&amp;gt;           assert self.login_page.is_login_page_loaded(), &amp;quot;Login page is not properly loaded&amp;quot;\n\ntests/test_login.py:227: \n_ _ _ _ _ _ _ _ _ _ _ _ _ _ _ _ _ _ _ _ _ _ _ _ _ _ _ _ _ _ _ _ _ _ _ _ _ _ _ _ _ _ _ _ _ _ _ _ _ _ _ _ _ _ \n\nself = &amp;lt;pages.login_page.LoginPage object at 0x104dd8ac0&amp;gt;\n\n    def is_login_page_loaded(self):\n        &amp;quot;&amp;quot;&amp;quot;Check if login page is properly loaded&amp;quot;&amp;quot;&amp;quot;\n        print(&amp;quot;Checking if login page is loaded&amp;quot;)\n    \n        # Check if all required elements are present using config locators\n        email_locator = self.locator_manager.get_locator(self.page_name, &amp;#x27;email_field&amp;#x27;)\n        password_locator = self.locator_manager.get_locator(self.page_name, &amp;#x27;password_field&amp;#x27;)\n        checkbox_locator = self.locator_manager.get_locator(self.page_name, &amp;#x27;terms_checkbox&amp;#x27;)\n        button_locator = self.locator_manager.get_locator(self.page_name, &amp;#x27;sign_in_button&amp;#x27;)\n    \n        elements_present = (\n&amp;gt;           self.is_element_present(email_locator[0].name.lower(), email_locator[1]) and\n            self.is_element_present(password_locator[0].name.lower(), password_locator[1]) and\n            self.is_element_present(checkbox_locator[0].name.lower(), checkbox_locator[1]) and\n            self.is_element_present(button_locator[0].name.lower(), button_locator[1])\n        )\nE       AttributeError: &amp;#x27;str&amp;#x27; object has no attribute &amp;#x27;name&amp;#x27;\n\npages/login_page.py:129: AttributeError\n\n------------------------------ Captured log setup ------------------------------\nINFO     UIAutomationLogger:logger.py:80 ==================================================\nINFO     UIAutomationLogger:logger.py:81 STARTING TEST: test_empty_password\nINFO     UIAutomationLogger:logger.py:82 ==================================================\n\n------------------------------ Captured log call -------------------------------\nINFO     UIAutomationLogger:logger.py:92 STEP: Starting empty password test\nINFO     UIAutomationLogger:logger.py:92 STEP: Navigating to login page\nINFO     UIAutomationLogger:logger.py:92 STEP: Verifying login page elements are present\nERROR    UIAutomationLogger:logger.py:118 EXCEPTION in test_empty_password: &amp;#x27;str&amp;#x27; object has no attribute &amp;#x27;name&amp;#x27;\n\n---------------------------- Captured log teardown -----------------------------\nINFO     UIAutomationLogger:logger.py:86 ==================================================\nINFO     UIAutomationLogger:logger.py:87 FINISHED TEST: test_empty_password - STATUS: FAILED\nINFO     UIAutomationLogger:logger.py:88 ==================================================&#34;}, {&#34;extras&#34;: [], &#34;result&#34;: &#34;Error&#34;, &#34;testId&#34;: &#34;tests/test_login.py::TestLogin::test_empty_password::teardown&#34;, &#34;duration&#34;: &#34;187 ms&#34;, &#34;resultsTableRow&#34;: [&#34;&lt;td class=\&#34;col-result\&#34;&gt;Error&lt;/td&gt;&#34;, &#34;&lt;td class=\&#34;col-testId\&#34;&gt;tests/test_login.py::TestLogin::test_empty_password::teardown&lt;/td&gt;&#34;, &#34;&lt;td class=\&#34;col-duration\&#34;&gt;187 ms&lt;/td&gt;&#34;, &#34;&lt;td class=\&#34;col-links\&#34;&gt;&lt;/td&gt;&#34;], &#34;log&#34;: &#34;self = &amp;lt;tests.test_login.TestLogin object at 0x104b69730&amp;gt;\nrequest = &amp;lt;SubRequest &amp;#x27;track_test_failure&amp;#x27; for &amp;lt;Function test_empty_password&amp;gt;&amp;gt;\n\n    @pytest.fixture(autouse=True)\n    def track_test_failure(self, request):\n        &amp;quot;&amp;quot;&amp;quot;Fixture to track test failure status&amp;quot;&amp;quot;&amp;quot;\n        self._test_failed = False\n        yield\n        # Check if test failed\n&amp;gt;       if request.node.rep_call.failed:\nE       AttributeError: &amp;#x27;Function&amp;#x27; object has no attribute &amp;#x27;rep_call&amp;#x27;\n\nbase/base_test.py:201: AttributeError\n\n------------------------------ Captured log setup ------------------------------\nINFO     UIAutomationLogger:logger.py:80 ==================================================\nINFO     UIAutomationLogger:logger.py:81 STARTING TEST: test_empty_password\nINFO     UIAutomationLogger:logger.py:82 ==================================================\n\n------------------------------ Captured log call -------------------------------\nINFO     UIAutomationLogger:logger.py:92 STEP: Starting empty password test\nINFO     UIAutomationLogger:logger.py:92 STEP: Navigating to login page\nINFO     UIAutomationLogger:logger.py:92 STEP: Verifying login page elements are present\nERROR    UIAutomationLogger:logger.py:118 EXCEPTION in test_empty_password: &amp;#x27;str&amp;#x27; object has no attribute &amp;#x27;name&amp;#x27;\n\n\n---------------------------- Captured log teardown -----------------------------\nINFO     UIAutomationLogger:logger.py:86 ==================================================\nINFO     UIAutomationLogger:logger.py:87 FINISHED TEST: test_empty_password - STATUS: FAILED\nINFO     UIAutomationLogger:logger.py:88 ==================================================\n&#34;}], &#34;tests/test_login.py::TestLogin::test_terms_not_accepted&#34;: [{&#34;extras&#34;: [], &#34;result&#34;: &#34;Failed&#34;, &#34;testId&#34;: &#34;tests/test_login.py::TestLogin::test_terms_not_accepted&#34;, &#34;duration&#34;: &#34;00:00:02&#34;, &#34;resultsTableRow&#34;: [&#34;&lt;td class=\&#34;col-result\&#34;&gt;Failed&lt;/td&gt;&#34;, &#34;&lt;td class=\&#34;col-testId\&#34;&gt;tests/test_login.py::TestLogin::test_terms_not_accepted&lt;/td&gt;&#34;, &#34;&lt;td class=\&#34;col-duration\&#34;&gt;00:00:02&lt;/td&gt;&#34;, &#34;&lt;td class=\&#34;col-links\&#34;&gt;&lt;/td&gt;&#34;], &#34;log&#34;: &#34;self = &amp;lt;tests.test_login.TestLogin object at 0x104b86dc0&amp;gt;\n\n    def test_terms_not_accepted(self):\n        &amp;quot;&amp;quot;&amp;quot;Test login without accepting terms and conditions&amp;quot;&amp;quot;&amp;quot;\n        try:\n            self.add_test_step(&amp;quot;Starting terms not accepted test&amp;quot;)\n    \n            # Get valid credentials\n            credentials = self.test_data_manager.get_login_credentials(&amp;quot;valid_user&amp;quot;)\n    \n            # Navigate to login page\n            self.add_test_step(&amp;quot;Navigating to login page&amp;quot;)\n            assert self.login_page.navigate_to_login_page(), &amp;quot;Failed to navigate to login page&amp;quot;\n    \n            # Verify login page is loaded\n            self.add_test_step(&amp;quot;Verifying login page elements are present&amp;quot;)\n&amp;gt;           assert self.login_page.is_login_page_loaded(), &amp;quot;Login page is not properly loaded&amp;quot;\n\ntests/test_login.py:270: \n_ _ _ _ _ _ _ _ _ _ _ _ _ _ _ _ _ _ _ _ _ _ _ _ _ _ _ _ _ _ _ _ _ _ _ _ _ _ _ _ _ _ _ _ _ _ _ _ _ _ _ _ _ _ \n\nself = &amp;lt;pages.login_page.LoginPage object at 0x104da39a0&amp;gt;\n\n    def is_login_page_loaded(self):\n        &amp;quot;&amp;quot;&amp;quot;Check if login page is properly loaded&amp;quot;&amp;quot;&amp;quot;\n        print(&amp;quot;Checking if login page is loaded&amp;quot;)\n    \n        # Check if all required elements are present using config locators\n        email_locator = self.locator_manager.get_locator(self.page_name, &amp;#x27;email_field&amp;#x27;)\n        password_locator = self.locator_manager.get_locator(self.page_name, &amp;#x27;password_field&amp;#x27;)\n        checkbox_locator = self.locator_manager.get_locator(self.page_name, &amp;#x27;terms_checkbox&amp;#x27;)\n        button_locator = self.locator_manager.get_locator(self.page_name, &amp;#x27;sign_in_button&amp;#x27;)\n    \n        elements_present = (\n&amp;gt;           self.is_element_present(email_locator[0].name.lower(), email_locator[1]) and\n            self.is_element_present(password_locator[0].name.lower(), password_locator[1]) and\n            self.is_element_present(checkbox_locator[0].name.lower(), checkbox_locator[1]) and\n            self.is_element_present(button_locator[0].name.lower(), button_locator[1])\n        )\nE       AttributeError: &amp;#x27;str&amp;#x27; object has no attribute &amp;#x27;name&amp;#x27;\n\npages/login_page.py:129: AttributeError\n\n------------------------------ Captured log setup ------------------------------\nINFO     UIAutomationLogger:logger.py:80 ==================================================\nINFO     UIAutomationLogger:logger.py:81 STARTING TEST: test_terms_not_accepted\nINFO     UIAutomationLogger:logger.py:82 ==================================================\n\n------------------------------ Captured log call -------------------------------\nINFO     UIAutomationLogger:logger.py:92 STEP: Starting terms not accepted test\nINFO     UIAutomationLogger:logger.py:92 STEP: Navigating to login page\nINFO     UIAutomationLogger:logger.py:92 STEP: Verifying login page elements are present\nERROR    UIAutomationLogger:logger.py:118 EXCEPTION in test_terms_not_accepted: &amp;#x27;str&amp;#x27; object has no attribute &amp;#x27;name&amp;#x27;\n\n---------------------------- Captured log teardown -----------------------------\nINFO     UIAutomationLogger:logger.py:86 ==================================================\nINFO     UIAutomationLogger:logger.py:87 FINISHED TEST: test_terms_not_accepted - STATUS: FAILED\nINFO     UIAutomationLogger:logger.py:88 ==================================================&#34;}, {&#34;extras&#34;: [], &#34;result&#34;: &#34;Error&#34;, &#34;testId&#34;: &#34;tests/test_login.py::TestLogin::test_terms_not_accepted::teardown&#34;, &#34;duration&#34;: &#34;179 ms&#34;, &#34;resultsTableRow&#34;: [&#34;&lt;td class=\&#34;col-result\&#34;&gt;Error&lt;/td&gt;&#34;, &#34;&lt;td class=\&#34;col-testId\&#34;&gt;tests/test_login.py::TestLogin::test_terms_not_accepted::teardown&lt;/td&gt;&#34;, &#34;&lt;td class=\&#34;col-duration\&#34;&gt;179 ms&lt;/td&gt;&#34;, &#34;&lt;td class=\&#34;col-links\&#34;&gt;&lt;/td&gt;&#34;], &#34;log&#34;: &#34;self = &amp;lt;tests.test_login.TestLogin object at 0x104b86dc0&amp;gt;\nrequest = &amp;lt;SubRequest &amp;#x27;track_test_failure&amp;#x27; for &amp;lt;Function test_terms_not_accepted&amp;gt;&amp;gt;\n\n    @pytest.fixture(autouse=True)\n    def track_test_failure(self, request):\n        &amp;quot;&amp;quot;&amp;quot;Fixture to track test failure status&amp;quot;&amp;quot;&amp;quot;\n        self._test_failed = False\n        yield\n        # Check if test failed\n&amp;gt;       if request.node.rep_call.failed:\nE       AttributeError: &amp;#x27;Function&amp;#x27; object has no attribute &amp;#x27;rep_call&amp;#x27;\n\nbase/base_test.py:201: AttributeError\n\n------------------------------ Captured log setup ------------------------------\nINFO     UIAutomationLogger:logger.py:80 ==================================================\nINFO     UIAutomationLogger:logger.py:81 STARTING TEST: test_terms_not_accepted\nINFO     UIAutomationLogger:logger.py:82 ==================================================\n\n------------------------------ Captured log call -------------------------------\nINFO     UIAutomationLogger:logger.py:92 STEP: Starting terms not accepted test\nINFO     UIAutomationLogger:logger.py:92 STEP: Navigating to login page\nINFO     UIAutomationLogger:logger.py:92 STEP: Verifying login page elements are present\nERROR    UIAutomationLogger:logger.py:118 EXCEPTION in test_terms_not_accepted: &amp;#x27;str&amp;#x27; object has no attribute &amp;#x27;name&amp;#x27;\n\n\n---------------------------- Captured log teardown -----------------------------\nINFO     UIAutomationLogger:logger.py:86 ==================================================\nINFO     UIAutomationLogger:logger.py:87 FINISHED TEST: test_terms_not_accepted - STATUS: FAILED\nINFO     UIAutomationLogger:logger.py:88 ==================================================\n&#34;}], &#34;tests/test_login.py::TestLogin::test_login_page_elements&#34;: [{&#34;extras&#34;: [], &#34;result&#34;: &#34;Failed&#34;, &#34;testId&#34;: &#34;tests/test_login.py::TestLogin::test_login_page_elements&#34;, &#34;duration&#34;: &#34;00:00:02&#34;, &#34;resultsTableRow&#34;: [&#34;&lt;td class=\&#34;col-result\&#34;&gt;Failed&lt;/td&gt;&#34;, &#34;&lt;td class=\&#34;col-testId\&#34;&gt;tests/test_login.py::TestLogin::test_login_page_elements&lt;/td&gt;&#34;, &#34;&lt;td class=\&#34;col-duration\&#34;&gt;00:00:02&lt;/td&gt;&#34;, &#34;&lt;td class=\&#34;col-links\&#34;&gt;&lt;/td&gt;&#34;], &#34;log&#34;: &#34;self = &amp;lt;tests.test_login.TestLogin object at 0x104b86c10&amp;gt;\n\n    def test_login_page_elements(self):\n        &amp;quot;&amp;quot;&amp;quot;Test that all required elements are present on login page&amp;quot;&amp;quot;&amp;quot;\n        try:\n            self.add_test_step(&amp;quot;Starting login page elements test&amp;quot;)\n    \n            # Navigate to login page\n            self.add_test_step(&amp;quot;Navigating to login page&amp;quot;)\n            assert self.login_page.navigate_to_login_page(), &amp;quot;Failed to navigate to login page&amp;quot;\n    \n            # Check individual elements\n            self.add_test_step(&amp;quot;Checking email field presence&amp;quot;)\n            assert self.login_page.is_element_present(&amp;quot;xpath&amp;quot;, &amp;quot;//input[@id=&amp;#x27;company-email&amp;#x27;]&amp;quot;), &amp;quot;Email field not found&amp;quot;\n    \n            self.add_test_step(&amp;quot;Checking password field presence&amp;quot;)\n            password_field_xpath = &amp;quot;//span[@class=&amp;#x27;ant-input-affix-wrapper css-bixahu ant-input-outlined ant-input-password input&amp;#x27;]//input[@type=&amp;#x27;password&amp;#x27;]&amp;quot;\n            assert self.login_page.is_element_present(&amp;quot;xpath&amp;quot;, password_field_xpath), &amp;quot;Password field not found&amp;quot;\n    \n            self.add_test_step(&amp;quot;Checking checkbox presence&amp;quot;)\n            assert self.login_page.is_element_present(&amp;quot;xpath&amp;quot;, &amp;quot;//input[@type=&amp;#x27;checkbox&amp;#x27;]&amp;quot;), &amp;quot;Checkbox not found&amp;quot;\n    \n            self.add_test_step(&amp;quot;Checking sign in button presence&amp;quot;)\n            assert self.login_page.is_element_present(&amp;quot;xpath&amp;quot;, &amp;quot;//button[normalize-space()=&amp;#x27;Sign In&amp;#x27;]&amp;quot;), &amp;quot;Sign In button not found&amp;quot;\n    \n            # Check sign in button text\n            self.add_test_step(&amp;quot;Verifying sign in button text&amp;quot;)\n&amp;gt;           button_text = self.login_page.get_sign_in_button_text()\n\ntests/test_login.py:324: \n_ _ _ _ _ _ _ _ _ _ _ _ _ _ _ _ _ _ _ _ _ _ _ _ _ _ _ _ _ _ _ _ _ _ _ _ _ _ _ _ _ _ _ _ _ _ _ _ _ _ _ _ _ _ \n\nself = &amp;lt;pages.login_page.LoginPage object at 0x1075a77f0&amp;gt;\n\n    def get_sign_in_button_text(self):\n        &amp;quot;&amp;quot;&amp;quot;Get the text of the sign in button&amp;quot;&amp;quot;&amp;quot;\n        locator = self.locator_manager.get_locator(self.page_name, &amp;#x27;sign_in_button&amp;#x27;)\n&amp;gt;       return self.get_text(locator[0].name.lower(), locator[1])\nE       AttributeError: &amp;#x27;str&amp;#x27; object has no attribute &amp;#x27;name&amp;#x27;\n\npages/login_page.py:303: AttributeError\n\n------------------------------ Captured log setup ------------------------------\nINFO     UIAutomationLogger:logger.py:80 ==================================================\nINFO     UIAutomationLogger:logger.py:81 STARTING TEST: test_login_page_elements\nINFO     UIAutomationLogger:logger.py:82 ==================================================\n\n------------------------------ Captured log call -------------------------------\nINFO     UIAutomationLogger:logger.py:92 STEP: Starting login page elements test\nINFO     UIAutomationLogger:logger.py:92 STEP: Navigating to login page\nINFO     UIAutomationLogger:logger.py:92 STEP: Checking email field presence\nINFO     UIAutomationLogger:logger.py:92 STEP: Checking password field presence\nINFO     UIAutomationLogger:logger.py:92 STEP: Checking checkbox presence\nINFO     UIAutomationLogger:logger.py:92 STEP: Checking sign in button presence\nINFO     UIAutomationLogger:logger.py:92 STEP: Verifying sign in button text\nERROR    UIAutomationLogger:logger.py:118 EXCEPTION in test_login_page_elements: &amp;#x27;str&amp;#x27; object has no attribute &amp;#x27;name&amp;#x27;\n\n---------------------------- Captured log teardown -----------------------------\nINFO     UIAutomationLogger:logger.py:86 ==================================================\nINFO     UIAutomationLogger:logger.py:87 FINISHED TEST: test_login_page_elements - STATUS: FAILED\nINFO     UIAutomationLogger:logger.py:88 ==================================================&#34;}, {&#34;extras&#34;: [], &#34;result&#34;: &#34;Error&#34;, &#34;testId&#34;: &#34;tests/test_login.py::TestLogin::test_login_page_elements::teardown&#34;, &#34;duration&#34;: &#34;344 ms&#34;, &#34;resultsTableRow&#34;: [&#34;&lt;td class=\&#34;col-result\&#34;&gt;Error&lt;/td&gt;&#34;, &#34;&lt;td class=\&#34;col-testId\&#34;&gt;tests/test_login.py::TestLogin::test_login_page_elements::teardown&lt;/td&gt;&#34;, &#34;&lt;td class=\&#34;col-duration\&#34;&gt;344 ms&lt;/td&gt;&#34;, &#34;&lt;td class=\&#34;col-links\&#34;&gt;&lt;/td&gt;&#34;], &#34;log&#34;: &#34;self = &amp;lt;tests.test_login.TestLogin object at 0x104b86c10&amp;gt;\nrequest = &amp;lt;SubRequest &amp;#x27;track_test_failure&amp;#x27; for &amp;lt;Function test_login_page_elements&amp;gt;&amp;gt;\n\n    @pytest.fixture(autouse=True)\n    def track_test_failure(self, request):\n        &amp;quot;&amp;quot;&amp;quot;Fixture to track test failure status&amp;quot;&amp;quot;&amp;quot;\n        self._test_failed = False\n        yield\n        # Check if test failed\n&amp;gt;       if request.node.rep_call.failed:\nE       AttributeError: &amp;#x27;Function&amp;#x27; object has no attribute &amp;#x27;rep_call&amp;#x27;\n\nbase/base_test.py:201: AttributeError\n\n------------------------------ Captured log setup ------------------------------\nINFO     UIAutomationLogger:logger.py:80 ==================================================\nINFO     UIAutomationLogger:logger.py:81 STARTING TEST: test_login_page_elements\nINFO     UIAutomationLogger:logger.py:82 ==================================================\n\n------------------------------ Captured log call -------------------------------\nINFO     UIAutomationLogger:logger.py:92 STEP: Starting login page elements test\nINFO     UIAutomationLogger:logger.py:92 STEP: Navigating to login page\nINFO     UIAutomationLogger:logger.py:92 STEP: Checking email field presence\nINFO     UIAutomationLogger:logger.py:92 STEP: Checking password field presence\nINFO     UIAutomationLogger:logger.py:92 STEP: Checking checkbox presence\nINFO     UIAutomationLogger:logger.py:92 STEP: Checking sign in button presence\nINFO     UIAutomationLogger:logger.py:92 STEP: Verifying sign in button text\nERROR    UIAutomationLogger:logger.py:118 EXCEPTION in test_login_page_elements: &amp;#x27;str&amp;#x27; object has no attribute &amp;#x27;name&amp;#x27;\n\n\n---------------------------- Captured log teardown -----------------------------\nINFO     UIAutomationLogger:logger.py:86 ==================================================\nINFO     UIAutomationLogger:logger.py:87 FINISHED TEST: test_login_page_elements - STATUS: FAILED\nINFO     UIAutomationLogger:logger.py:88 ==================================================\n&#34;}], &#34;tests/test_login.py::TestLogin::test_clear_login_form&#34;: [{&#34;extras&#34;: [], &#34;result&#34;: &#34;Failed&#34;, &#34;testId&#34;: &#34;tests/test_login.py::TestLogin::test_clear_login_form&#34;, &#34;duration&#34;: &#34;00:00:02&#34;, &#34;resultsTableRow&#34;: [&#34;&lt;td class=\&#34;col-result\&#34;&gt;Failed&lt;/td&gt;&#34;, &#34;&lt;td class=\&#34;col-testId\&#34;&gt;tests/test_login.py::TestLogin::test_clear_login_form&lt;/td&gt;&#34;, &#34;&lt;td class=\&#34;col-duration\&#34;&gt;00:00:02&lt;/td&gt;&#34;, &#34;&lt;td class=\&#34;col-links\&#34;&gt;&lt;/td&gt;&#34;], &#34;log&#34;: &#34;self = &amp;lt;tests.test_login.TestLogin object at 0x104b86a00&amp;gt;\n\n    def test_clear_login_form(self):\n        &amp;quot;&amp;quot;&amp;quot;Test clearing the login form&amp;quot;&amp;quot;&amp;quot;\n        try:\n            self.add_test_step(&amp;quot;Starting clear login form test&amp;quot;)\n    \n            # Navigate to login page\n            self.add_test_step(&amp;quot;Navigating to login page&amp;quot;)\n            assert self.login_page.navigate_to_login_page(), &amp;quot;Failed to navigate to login page&amp;quot;\n    \n            # Fill form with data\n            self.add_test_step(&amp;quot;Filling login form with test data&amp;quot;)\n&amp;gt;           assert self.login_page.enter_email(&amp;quot;test@example.com&amp;quot;), &amp;quot;Failed to enter email&amp;quot;\n\ntests/test_login.py:351: \n_ _ _ _ _ _ _ _ _ _ _ _ _ _ _ _ _ _ _ _ _ _ _ _ _ _ _ _ _ _ _ _ _ _ _ _ _ _ _ _ _ _ _ _ _ _ _ _ _ _ _ _ _ _ \n\nself = &amp;lt;pages.login_page.LoginPage object at 0x104dda790&amp;gt;, email = &amp;#x27;test@example.com&amp;#x27;\n\n    def enter_email(self, email):\n        &amp;quot;&amp;quot;&amp;quot;Enter email/name in the name field&amp;quot;&amp;quot;&amp;quot;\n        print(f&amp;quot;Entering email: {email}&amp;quot;)\n        locator = self.locator_manager.get_locator(self.page_name, &amp;#x27;email_field&amp;#x27;)\n&amp;gt;       success = self.enter_text(locator[0].name.lower(), locator[1], email)\nE       AttributeError: &amp;#x27;str&amp;#x27; object has no attribute &amp;#x27;name&amp;#x27;\n\npages/login_page.py:39: AttributeError\n\n------------------------------ Captured log setup ------------------------------\nINFO     UIAutomationLogger:logger.py:80 ==================================================\nINFO     UIAutomationLogger:logger.py:81 STARTING TEST: test_clear_login_form\nINFO     UIAutomationLogger:logger.py:82 ==================================================\n\n------------------------------ Captured log call -------------------------------\nINFO     UIAutomationLogger:logger.py:92 STEP: Starting clear login form test\nINFO     UIAutomationLogger:logger.py:92 STEP: Navigating to login page\nINFO     UIAutomationLogger:logger.py:92 STEP: Filling login form with test data\nERROR    UIAutomationLogger:logger.py:118 EXCEPTION in test_clear_login_form: &amp;#x27;str&amp;#x27; object has no attribute &amp;#x27;name&amp;#x27;\n\n---------------------------- Captured log teardown -----------------------------\nINFO     UIAutomationLogger:logger.py:86 ==================================================\nINFO     UIAutomationLogger:logger.py:87 FINISHED TEST: test_clear_login_form - STATUS: FAILED\nINFO     UIAutomationLogger:logger.py:88 ==================================================&#34;}, {&#34;extras&#34;: [], &#34;result&#34;: &#34;Error&#34;, &#34;testId&#34;: &#34;tests/test_login.py::TestLogin::test_clear_login_form::teardown&#34;, &#34;duration&#34;: &#34;193 ms&#34;, &#34;resultsTableRow&#34;: [&#34;&lt;td class=\&#34;col-result\&#34;&gt;Error&lt;/td&gt;&#34;, &#34;&lt;td class=\&#34;col-testId\&#34;&gt;tests/test_login.py::TestLogin::test_clear_login_form::teardown&lt;/td&gt;&#34;, &#34;&lt;td class=\&#34;col-duration\&#34;&gt;193 ms&lt;/td&gt;&#34;, &#34;&lt;td class=\&#34;col-links\&#34;&gt;&lt;/td&gt;&#34;], &#34;log&#34;: &#34;self = &amp;lt;tests.test_login.TestLogin object at 0x104b86a00&amp;gt;\nrequest = &amp;lt;SubRequest &amp;#x27;track_test_failure&amp;#x27; for &amp;lt;Function test_clear_login_form&amp;gt;&amp;gt;\n\n    @pytest.fixture(autouse=True)\n    def track_test_failure(self, request):\n        &amp;quot;&amp;quot;&amp;quot;Fixture to track test failure status&amp;quot;&amp;quot;&amp;quot;\n        self._test_failed = False\n        yield\n        # Check if test failed\n&amp;gt;       if request.node.rep_call.failed:\nE       AttributeError: &amp;#x27;Function&amp;#x27; object has no attribute &amp;#x27;rep_call&amp;#x27;\n\nbase/base_test.py:201: AttributeError\n\n------------------------------ Captured log setup ------------------------------\nINFO     UIAutomationLogger:logger.py:80 ==================================================\nINFO     UIAutomationLogger:logger.py:81 STARTING TEST: test_clear_login_form\nINFO     UIAutomationLogger:logger.py:82 ==================================================\n\n------------------------------ Captured log call -------------------------------\nINFO     UIAutomationLogger:logger.py:92 STEP: Starting clear login form test\nINFO     UIAutomationLogger:logger.py:92 STEP: Navigating to login page\nINFO     UIAutomationLogger:logger.py:92 STEP: Filling login form with test data\nERROR    UIAutomationLogger:logger.py:118 EXCEPTION in test_clear_login_form: &amp;#x27;str&amp;#x27; object has no attribute &amp;#x27;name&amp;#x27;\n\n\n---------------------------- Captured log teardown -----------------------------\nINFO     UIAutomationLogger:logger.py:86 ==================================================\nINFO     UIAutomationLogger:logger.py:87 FINISHED TEST: test_clear_login_form - STATUS: FAILED\nINFO     UIAutomationLogger:logger.py:88 ==================================================\n&#34;}], &#34;tests/test_login.py::TestLogin::test_successful_login_otp_redirect&#34;: [{&#34;extras&#34;: [], &#34;result&#34;: &#34;Failed&#34;, &#34;testId&#34;: &#34;tests/test_login.py::TestLogin::test_successful_login_otp_redirect&#34;, &#34;duration&#34;: &#34;00:00:04&#34;, &#34;resultsTableRow&#34;: [&#34;&lt;td class=\&#34;col-result\&#34;&gt;Failed&lt;/td&gt;&#34;, &#34;&lt;td class=\&#34;col-testId\&#34;&gt;tests/test_login.py::TestLogin::test_successful_login_otp_redirect&lt;/td&gt;&#34;, &#34;&lt;td class=\&#34;col-duration\&#34;&gt;00:00:04&lt;/td&gt;&#34;, &#34;&lt;td class=\&#34;col-links\&#34;&gt;&lt;/td&gt;&#34;], &#34;log&#34;: &#34;self = &amp;lt;tests.test_login.TestLogin object at 0x104b868b0&amp;gt;\n\n    def test_successful_login_otp_redirect(self):\n        &amp;quot;&amp;quot;&amp;quot;Test that successful login redirects to OTP verification page&amp;quot;&amp;quot;&amp;quot;\n        try:\n            self.add_test_step(&amp;quot;Starting OTP redirect validation test&amp;quot;)\n    \n            # Get valid credentials from test data\n            credentials = self.test_data_manager.get_login_credentials(&amp;quot;valid_user&amp;quot;)\n    \n            self.add_test_step(f&amp;quot;Testing OTP redirect with credentials: {credentials[&amp;#x27;email&amp;#x27;]}&amp;quot;)\n    \n            # Navigate to login page\n            self.add_test_step(&amp;quot;Navigating to login page&amp;quot;)\n            assert self.login_page.navigate_to_login_page(), &amp;quot;Failed to navigate to login page&amp;quot;\n    \n            # Perform login\n            self.add_test_step(&amp;quot;Performing login to test OTP redirect&amp;quot;)\n&amp;gt;           login_success = self.login_page.perform_login(\n                email=credentials[&amp;#x27;email&amp;#x27;],\n                password=credentials[&amp;#x27;password&amp;#x27;],\n                accept_terms=True\n            )\n\ntests/test_login.py:391: \n_ _ _ _ _ _ _ _ _ _ _ _ _ _ _ _ _ _ _ _ _ _ _ _ _ _ _ _ _ _ _ _ _ _ _ _ _ _ _ _ _ _ _ _ _ _ _ _ _ _ _ _ _ _ \npages/login_page.py:96: in perform_login\n    if not self.enter_email(email):\n_ _ _ _ _ _ _ _ _ _ _ _ _ _ _ _ _ _ _ _ _ _ _ _ _ _ _ _ _ _ _ _ _ _ _ _ _ _ _ _ _ _ _ _ _ _ _ _ _ _ _ _ _ _ \n\nself = &amp;lt;pages.login_page.LoginPage object at 0x104dd8d90&amp;gt;, email = &amp;#x27;test@example.com&amp;#x27;\n\n    def enter_email(self, email):\n        &amp;quot;&amp;quot;&amp;quot;Enter email/name in the name field&amp;quot;&amp;quot;&amp;quot;\n        print(f&amp;quot;Entering email: {email}&amp;quot;)\n        locator = self.locator_manager.get_locator(self.page_name, &amp;#x27;email_field&amp;#x27;)\n&amp;gt;       success = self.enter_text(locator[0].name.lower(), locator[1], email)\nE       AttributeError: &amp;#x27;str&amp;#x27; object has no attribute &amp;#x27;name&amp;#x27;\n\npages/login_page.py:39: AttributeError\n\n------------------------------ Captured log setup ------------------------------\nINFO     UIAutomationLogger:logger.py:80 ==================================================\nINFO     UIAutomationLogger:logger.py:81 STARTING TEST: test_successful_login_otp_redirect\nINFO     UIAutomationLogger:logger.py:82 ==================================================\n\n------------------------------ Captured log call -------------------------------\nINFO     UIAutomationLogger:logger.py:92 STEP: Starting OTP redirect validation test\nINFO     UIAutomationLogger:logger.py:92 STEP: Testing OTP redirect with credentials: test@example.com\nINFO     UIAutomationLogger:logger.py:92 STEP: Navigating to login page\nINFO     UIAutomationLogger:logger.py:92 STEP: Performing login to test OTP redirect\nERROR    UIAutomationLogger:logger.py:118 EXCEPTION in test_successful_login_otp_redirect: &amp;#x27;str&amp;#x27; object has no attribute &amp;#x27;name&amp;#x27;\n\n---------------------------- Captured log teardown -----------------------------\nINFO     UIAutomationLogger:logger.py:86 ==================================================\nINFO     UIAutomationLogger:logger.py:87 FINISHED TEST: test_successful_login_otp_redirect - STATUS: FAILED\nINFO     UIAutomationLogger:logger.py:88 ==================================================\nINFO     UIAutomationLogger:logger.py:60 Login Test Suite completed\nINFO     UIAutomationLogger:logger.py:60 HTML Report: /Users/shtlpmac015/Desktop/Jump-UI-Automation/utils/../reports/login_test_report_20250825_150314.html\nINFO     UIAutomationLogger:logger.py:60 JSON Report: /Users/shtlpmac015/Desktop/Jump-UI-Automation/utils/../reports/login_test_report_20250825_150314.json&#34;}, {&#34;extras&#34;: [], &#34;result&#34;: &#34;Error&#34;, &#34;testId&#34;: &#34;tests/test_login.py::TestLogin::test_successful_login_otp_redirect::teardown&#34;, &#34;duration&#34;: &#34;332 ms&#34;, &#34;resultsTableRow&#34;: [&#34;&lt;td class=\&#34;col-result\&#34;&gt;Error&lt;/td&gt;&#34;, &#34;&lt;td class=\&#34;col-testId\&#34;&gt;tests/test_login.py::TestLogin::test_successful_login_otp_redirect::teardown&lt;/td&gt;&#34;, &#34;&lt;td class=\&#34;col-duration\&#34;&gt;332 ms&lt;/td&gt;&#34;, &#34;&lt;td class=\&#34;col-links\&#34;&gt;&lt;/td&gt;&#34;], &#34;log&#34;: &#34;self = &amp;lt;tests.test_login.TestLogin object at 0x104b868b0&amp;gt;\nrequest = &amp;lt;SubRequest &amp;#x27;track_test_failure&amp;#x27; for &amp;lt;Function test_successful_login_otp_redirect&amp;gt;&amp;gt;\n\n    @pytest.fixture(autouse=True)\n    def track_test_failure(self, request):\n        &amp;quot;&amp;quot;&amp;quot;Fixture to track test failure status&amp;quot;&amp;quot;&amp;quot;\n        self._test_failed = False\n        yield\n        # Check if test failed\n&amp;gt;       if request.node.rep_call.failed:\nE       AttributeError: &amp;#x27;Function&amp;#x27; object has no attribute &amp;#x27;rep_call&amp;#x27;\n\nbase/base_test.py:201: AttributeError\n\n------------------------------ Captured log setup ------------------------------\nINFO     UIAutomationLogger:logger.py:80 ==================================================\nINFO     UIAutomationLogger:logger.py:81 STARTING TEST: test_successful_login_otp_redirect\nINFO     UIAutomationLogger:logger.py:82 ==================================================\n\n------------------------------ Captured log call -------------------------------\nINFO     UIAutomationLogger:logger.py:92 STEP: Starting OTP redirect validation test\nINFO     UIAutomationLogger:logger.py:92 STEP: Testing OTP redirect with credentials: test@example.com\nINFO     UIAutomationLogger:logger.py:92 STEP: Navigating to login page\nINFO     UIAutomationLogger:logger.py:92 STEP: Performing login to test OTP redirect\nERROR    UIAutomationLogger:logger.py:118 EXCEPTION in test_successful_login_otp_redirect: &amp;#x27;str&amp;#x27; object has no attribute &amp;#x27;name&amp;#x27;\n\n\n---------------------------- Captured log teardown -----------------------------\nINFO     UIAutomationLogger:logger.py:86 ==================================================\nINFO     UIAutomationLogger:logger.py:87 FINISHED TEST: test_successful_login_otp_redirect - STATUS: FAILED\nINFO     UIAutomationLogger:logger.py:88 ==================================================\nINFO     UIAutomationLogger:logger.py:60 Login Test Suite completed\nINFO     UIAutomationLogger:logger.py:60 HTML Report: /Users/shtlpmac015/Desktop/Jump-UI-Automation/utils/../reports/login_test_report_20250825_150314.html\nINFO     UIAutomationLogger:logger.py:60 JSON Report: /Users/shtlpmac015/Desktop/Jump-UI-Automation/utils/../reports/login_test_report_20250825_150314.json\n&#34;}]}, &#34;renderCollapsed&#34;: [&#34;passed&#34;], &#34;initialSort&#34;: &#34;result&#34;, &#34;title&#34;: &#34;login_test_report_20250825_150251.html&#34;}"></div>
    <script>
      (function(){function r(e,n,t){function o(i,f){if(!n[i]){if(!e[i]){var c="function"==typeof require&&require;if(!f&&c)return c(i,!0);if(u)return u(i,!0);var a=new Error("Cannot find module '"+i+"'");throw a.code="MODULE_NOT_FOUND",a}var p=n[i]={exports:{}};e[i][0].call(p.exports,function(r){var n=e[i][1][r];return o(n||r)},p,p.exports,r,e,n,t)}return n[i].exports}for(var u="function"==typeof require&&require,i=0;i<t.length;i++)o(t[i]);return o}return r})()({1:[function(require,module,exports){
const { getCollapsedCategory, setCollapsedIds } = require('./storage.js')

class DataManager {
    setManager(data) {
        const collapsedCategories = [...getCollapsedCategory(data.renderCollapsed)]
        const collapsedIds = []
        const tests = Object.values(data.tests).flat().map((test, index) => {
            const collapsed = collapsedCategories.includes(test.result.toLowerCase())
            const id = `test_${index}`
            if (collapsed) {
                collapsedIds.push(id)
            }
            return {
                ...test,
                id,
                collapsed,
            }
        })
        const dataBlob = { ...data, tests }
        this.data = { ...dataBlob }
        this.renderData = { ...dataBlob }
        setCollapsedIds(collapsedIds)
    }

    get allData() {
        return { ...this.data }
    }

    resetRender() {
        this.renderData = { ...this.data }
    }

    setRender(data) {
        this.renderData.tests = [...data]
    }

    toggleCollapsedItem(id) {
        this.renderData.tests = this.renderData.tests.map((test) =>
            test.id === id ? { ...test, collapsed: !test.collapsed } : test,
        )
    }

    set allCollapsed(collapsed) {
        this.renderData = { ...this.renderData, tests: [...this.renderData.tests.map((test) => (
            { ...test, collapsed }
        ))] }
    }

    get testSubset() {
        return [...this.renderData.tests]
    }

    get environment() {
        return this.renderData.environment
    }

    get initialSort() {
        return this.data.initialSort
    }
}

module.exports = {
    manager: new DataManager(),
}

},{"./storage.js":8}],2:[function(require,module,exports){
const mediaViewer = require('./mediaviewer.js')
const templateEnvRow = document.getElementById('template_environment_row')
const templateResult = document.getElementById('template_results-table__tbody')

function htmlToElements(html) {
    const temp = document.createElement('template')
    temp.innerHTML = html
    return temp.content.childNodes
}

const find = (selector, elem) => {
    if (!elem) {
        elem = document
    }
    return elem.querySelector(selector)
}

const findAll = (selector, elem) => {
    if (!elem) {
        elem = document
    }
    return [...elem.querySelectorAll(selector)]
}

const dom = {
    getStaticRow: (key, value) => {
        const envRow = templateEnvRow.content.cloneNode(true)
        const isObj = typeof value === 'object' && value !== null
        const values = isObj ? Object.keys(value).map((k) => `${k}: ${value[k]}`) : null

        const valuesElement = htmlToElements(
            values ? `<ul>${values.map((val) => `<li>${val}</li>`).join('')}<ul>` : `<div>${value}</div>`)[0]
        const td = findAll('td', envRow)
        td[0].textContent = key
        td[1].appendChild(valuesElement)

        return envRow
    },
    getResultTBody: ({ testId, id, log, extras, resultsTableRow, tableHtml, result, collapsed }) => {
        const resultBody = templateResult.content.cloneNode(true)
        resultBody.querySelector('tbody').classList.add(result.toLowerCase())
        resultBody.querySelector('tbody').id = testId
        resultBody.querySelector('.collapsible').dataset.id = id

        resultsTableRow.forEach((html) => {
            const t = document.createElement('template')
            t.innerHTML = html
            resultBody.querySelector('.collapsible').appendChild(t.content)
        })

        if (log) {
            // Wrap lines starting with "E" with span.error to color those lines red
            const wrappedLog = log.replace(/^E.*$/gm, (match) => `<span class="error">${match}</span>`)
            resultBody.querySelector('.log').innerHTML = wrappedLog
        } else {
            resultBody.querySelector('.log').remove()
        }

        if (collapsed) {
            resultBody.querySelector('.collapsible > td')?.classList.add('collapsed')
            resultBody.querySelector('.extras-row').classList.add('hidden')
        } else {
            resultBody.querySelector('.collapsible > td')?.classList.remove('collapsed')
        }

        const media = []
        extras?.forEach(({ name, format_type, content }) => {
            if (['image', 'video'].includes(format_type)) {
                media.push({ path: content, name, format_type })
            }

            if (format_type === 'html') {
                resultBody.querySelector('.extraHTML').insertAdjacentHTML('beforeend', `<div>${content}</div>`)
            }
        })
        mediaViewer.setup(resultBody, media)

        // Add custom html from the pytest_html_results_table_html hook
        tableHtml?.forEach((item) => {
            resultBody.querySelector('td[class="extra"]').insertAdjacentHTML('beforeend', item)
        })

        return resultBody
    },
}

module.exports = {
    dom,
    htmlToElements,
    find,
    findAll,
}

},{"./mediaviewer.js":6}],3:[function(require,module,exports){
const { manager } = require('./datamanager.js')
const { doSort } = require('./sort.js')
const storageModule = require('./storage.js')

const getFilteredSubSet = (filter) =>
    manager.allData.tests.filter(({ result }) => filter.includes(result.toLowerCase()))

const doInitFilter = () => {
    const currentFilter = storageModule.getVisible()
    const filteredSubset = getFilteredSubSet(currentFilter)
    manager.setRender(filteredSubset)
}

const doFilter = (type, show) => {
    if (show) {
        storageModule.showCategory(type)
    } else {
        storageModule.hideCategory(type)
    }

    const currentFilter = storageModule.getVisible()
    const filteredSubset = getFilteredSubSet(currentFilter)
    manager.setRender(filteredSubset)

    const sortColumn = storageModule.getSort()
    doSort(sortColumn, true)
}

module.exports = {
    doFilter,
    doInitFilter,
}

},{"./datamanager.js":1,"./sort.js":7,"./storage.js":8}],4:[function(require,module,exports){
const { redraw, bindEvents, renderStatic } = require('./main.js')
const { doInitFilter } = require('./filter.js')
const { doInitSort } = require('./sort.js')
const { manager } = require('./datamanager.js')
const data = JSON.parse(document.getElementById('data-container').dataset.jsonblob)

function init() {
    manager.setManager(data)
    doInitFilter()
    doInitSort()
    renderStatic()
    redraw()
    bindEvents()
}

init()

},{"./datamanager.js":1,"./filter.js":3,"./main.js":5,"./sort.js":7}],5:[function(require,module,exports){
const { dom, find, findAll } = require('./dom.js')
const { manager } = require('./datamanager.js')
const { doSort } = require('./sort.js')
const { doFilter } = require('./filter.js')
const {
    getVisible,
    getCollapsedIds,
    setCollapsedIds,
    getSort,
    getSortDirection,
    possibleFilters,
} = require('./storage.js')

const removeChildren = (node) => {
    while (node.firstChild) {
        node.removeChild(node.firstChild)
    }
}

const renderStatic = () => {
    const renderEnvironmentTable = () => {
        const environment = manager.environment
        const rows = Object.keys(environment).map((key) => dom.getStaticRow(key, environment[key]))
        const table = document.getElementById('environment')
        removeChildren(table)
        rows.forEach((row) => table.appendChild(row))
    }
    renderEnvironmentTable()
}

const addItemToggleListener = (elem) => {
    elem.addEventListener('click', ({ target }) => {
        const id = target.parentElement.dataset.id
        manager.toggleCollapsedItem(id)

        const collapsedIds = getCollapsedIds()
        if (collapsedIds.includes(id)) {
            const updated = collapsedIds.filter((item) => item !== id)
            setCollapsedIds(updated)
        } else {
            collapsedIds.push(id)
            setCollapsedIds(collapsedIds)
        }
        redraw()
    })
}

const renderContent = (tests) => {
    const sortAttr = getSort(manager.initialSort)
    const sortAsc = JSON.parse(getSortDirection())
    const rows = tests.map(dom.getResultTBody)
    const table = document.getElementById('results-table')
    const tableHeader = document.getElementById('results-table-head')

    const newTable = document.createElement('table')
    newTable.id = 'results-table'

    // remove all sorting classes and set the relevant
    findAll('.sortable', tableHeader).forEach((elem) => elem.classList.remove('asc', 'desc'))
    tableHeader.querySelector(`.sortable[data-column-type="${sortAttr}"]`)?.classList.add(sortAsc ? 'desc' : 'asc')
    newTable.appendChild(tableHeader)

    if (!rows.length) {
        const emptyTable = document.getElementById('template_results-table__body--empty').content.cloneNode(true)
        newTable.appendChild(emptyTable)
    } else {
        rows.forEach((row) => {
            if (!!row) {
                findAll('.collapsible td:not(.col-links', row).forEach(addItemToggleListener)
                find('.logexpander', row).addEventListener('click',
                    (evt) => evt.target.parentNode.classList.toggle('expanded'),
                )
                newTable.appendChild(row)
            }
        })
    }

    table.replaceWith(newTable)
}

const renderDerived = () => {
    const currentFilter = getVisible()
    possibleFilters.forEach((result) => {
        const input = document.querySelector(`input[data-test-result="${result}"]`)
        input.checked = currentFilter.includes(result)
    })
}

const bindEvents = () => {
    const filterColumn = (evt) => {
        const { target: element } = evt
        const { testResult } = element.dataset

        doFilter(testResult, element.checked)
        const collapsedIds = getCollapsedIds()
        const updated = manager.renderData.tests.map((test) => {
            return {
                ...test,
                collapsed: collapsedIds.includes(test.id),
            }
        })
        manager.setRender(updated)
        redraw()
    }

    const header = document.getElementById('environment-header')
    header.addEventListener('click', () => {
        const table = document.getElementById('environment')
        table.classList.toggle('hidden')
        header.classList.toggle('collapsed')
    })

    findAll('input[name="filter_checkbox"]').forEach((elem) => {
        elem.addEventListener('click', filterColumn)
    })

    findAll('.sortable').forEach((elem) => {
        elem.addEventListener('click', (evt) => {
            const { target: element } = evt
            const { columnType } = element.dataset
            doSort(columnType)
            redraw()
        })
    })

    document.getElementById('show_all_details').addEventListener('click', () => {
        manager.allCollapsed = false
        setCollapsedIds([])
        redraw()
    })
    document.getElementById('hide_all_details').addEventListener('click', () => {
        manager.allCollapsed = true
        const allIds = manager.renderData.tests.map((test) => test.id)
        setCollapsedIds(allIds)
        redraw()
    })
}

const redraw = () => {
    const { testSubset } = manager

    renderContent(testSubset)
    renderDerived()
}

module.exports = {
    redraw,
    bindEvents,
    renderStatic,
}

},{"./datamanager.js":1,"./dom.js":2,"./filter.js":3,"./sort.js":7,"./storage.js":8}],6:[function(require,module,exports){
class MediaViewer {
    constructor(assets) {
        this.assets = assets
        this.index = 0
    }

    nextActive() {
        this.index = this.index === this.assets.length - 1 ? 0 : this.index + 1
        return [this.activeFile, this.index]
    }

    prevActive() {
        this.index = this.index === 0 ? this.assets.length - 1 : this.index -1
        return [this.activeFile, this.index]
    }

    get currentIndex() {
        return this.index
    }

    get activeFile() {
        return this.assets[this.index]
    }
}


const setup = (resultBody, assets) => {
    if (!assets.length) {
        resultBody.querySelector('.media').classList.add('hidden')
        return
    }

    const mediaViewer = new MediaViewer(assets)
    const container = resultBody.querySelector('.media-container')
    const leftArrow = resultBody.querySelector('.media-container__nav--left')
    const rightArrow = resultBody.querySelector('.media-container__nav--right')
    const mediaName = resultBody.querySelector('.media__name')
    const counter = resultBody.querySelector('.media__counter')
    const imageEl = resultBody.querySelector('img')
    const sourceEl = resultBody.querySelector('source')
    const videoEl = resultBody.querySelector('video')

    const setImg = (media, index) => {
        if (media?.format_type === 'image') {
            imageEl.src = media.path

            imageEl.classList.remove('hidden')
            videoEl.classList.add('hidden')
        } else if (media?.format_type === 'video') {
            sourceEl.src = media.path

            videoEl.classList.remove('hidden')
            imageEl.classList.add('hidden')
        }

        mediaName.innerText = media?.name
        counter.innerText = `${index + 1} / ${assets.length}`
    }
    setImg(mediaViewer.activeFile, mediaViewer.currentIndex)

    const moveLeft = () => {
        const [media, index] = mediaViewer.prevActive()
        setImg(media, index)
    }
    const doRight = () => {
        const [media, index] = mediaViewer.nextActive()
        setImg(media, index)
    }
    const openImg = () => {
        window.open(mediaViewer.activeFile.path, '_blank')
    }
    if (assets.length === 1) {
        container.classList.add('media-container--fullscreen')
    } else {
        leftArrow.addEventListener('click', moveLeft)
        rightArrow.addEventListener('click', doRight)
    }
    imageEl.addEventListener('click', openImg)
}

module.exports = {
    setup,
}

},{}],7:[function(require,module,exports){
const { manager } = require('./datamanager.js')
const storageModule = require('./storage.js')

const genericSort = (list, key, ascending, customOrder) => {
    let sorted
    if (customOrder) {
        sorted = list.sort((a, b) => {
            const aValue = a.result.toLowerCase()
            const bValue = b.result.toLowerCase()

            const aIndex = customOrder.findIndex((item) => item.toLowerCase() === aValue)
            const bIndex = customOrder.findIndex((item) => item.toLowerCase() === bValue)

            // Compare the indices to determine the sort order
            return aIndex - bIndex
        })
    } else {
        sorted = list.sort((a, b) => a[key] === b[key] ? 0 : a[key] > b[key] ? 1 : -1)
    }

    if (ascending) {
        sorted.reverse()
    }
    return sorted
}

const durationSort = (list, ascending) => {
    const parseDuration = (duration) => {
        if (duration.includes(':')) {
            // If it's in the format "HH:mm:ss"
            const [hours, minutes, seconds] = duration.split(':').map(Number)
            return (hours * 3600 + minutes * 60 + seconds) * 1000
        } else {
            // If it's in the format "nnn ms"
            return parseInt(duration)
        }
    }
    const sorted = list.sort((a, b) => parseDuration(a['duration']) - parseDuration(b['duration']))
    if (ascending) {
        sorted.reverse()
    }
    return sorted
}

const doInitSort = () => {
    const type = storageModule.getSort(manager.initialSort)
    const ascending = storageModule.getSortDirection()
    const list = manager.testSubset
    const initialOrder = ['Error', 'Failed', 'Rerun', 'XFailed', 'XPassed', 'Skipped', 'Passed']

    storageModule.setSort(type)
    storageModule.setSortDirection(ascending)

    if (type?.toLowerCase() === 'original') {
        manager.setRender(list)
    } else {
        let sortedList
        switch (type) {
        case 'duration':
            sortedList = durationSort(list, ascending)
            break
        case 'result':
            sortedList = genericSort(list, type, ascending, initialOrder)
            break
        default:
            sortedList = genericSort(list, type, ascending)
            break
        }
        manager.setRender(sortedList)
    }
}

const doSort = (type, skipDirection) => {
    const newSortType = storageModule.getSort(manager.initialSort) !== type
    const currentAsc = storageModule.getSortDirection()
    let ascending
    if (skipDirection) {
        ascending = currentAsc
    } else {
        ascending = newSortType ? false : !currentAsc
    }
    storageModule.setSort(type)
    storageModule.setSortDirection(ascending)

    const list = manager.testSubset
    const sortedList = type === 'duration' ? durationSort(list, ascending) : genericSort(list, type, ascending)
    manager.setRender(sortedList)
}

module.exports = {
    doInitSort,
    doSort,
}

},{"./datamanager.js":1,"./storage.js":8}],8:[function(require,module,exports){
const possibleFilters = [
    'passed',
    'skipped',
    'failed',
    'error',
    'xfailed',
    'xpassed',
    'rerun',
]

const getVisible = () => {
    const url = new URL(window.location.href)
    const settings = new URLSearchParams(url.search).get('visible')
    const lower = (item) => {
        const lowerItem = item.toLowerCase()
        if (possibleFilters.includes(lowerItem)) {
            return lowerItem
        }
        return null
    }
    return settings === null ?
        possibleFilters :
        [...new Set(settings?.split(',').map(lower).filter((item) => item))]
}

const hideCategory = (categoryToHide) => {
    const url = new URL(window.location.href)
    const visibleParams = new URLSearchParams(url.search).get('visible')
    const currentVisible = visibleParams ? visibleParams.split(',') : [...possibleFilters]
    const settings = [...new Set(currentVisible)].filter((f) => f !== categoryToHide).join(',')

    url.searchParams.set('visible', settings)
    window.history.pushState({}, null, unescape(url.href))
}

const showCategory = (categoryToShow) => {
    if (typeof window === 'undefined') {
        return
    }
    const url = new URL(window.location.href)
    const currentVisible = new URLSearchParams(url.search).get('visible')?.split(',').filter(Boolean) ||
        [...possibleFilters]
    const settings = [...new Set([categoryToShow, ...currentVisible])]
    const noFilter = possibleFilters.length === settings.length || !settings.length

    noFilter ? url.searchParams.delete('visible') : url.searchParams.set('visible', settings.join(','))
    window.history.pushState({}, null, unescape(url.href))
}

const getSort = (initialSort) => {
    const url = new URL(window.location.href)
    let sort = new URLSearchParams(url.search).get('sort')
    if (!sort) {
        sort = initialSort || 'result'
    }
    return sort
}

const setSort = (type) => {
    const url = new URL(window.location.href)
    url.searchParams.set('sort', type)
    window.history.pushState({}, null, unescape(url.href))
}

const getCollapsedCategory = (renderCollapsed) => {
    let categories
    if (typeof window !== 'undefined') {
        const url = new URL(window.location.href)
        const collapsedItems = new URLSearchParams(url.search).get('collapsed')
        switch (true) {
        case !renderCollapsed && collapsedItems === null:
            categories = ['passed']
            break
        case collapsedItems?.length === 0 || /^["']{2}$/.test(collapsedItems):
            categories = []
            break
        case /^all$/.test(collapsedItems) || collapsedItems === null && /^all$/.test(renderCollapsed):
            categories = [...possibleFilters]
            break
        default:
            categories = collapsedItems?.split(',').map((item) => item.toLowerCase()) || renderCollapsed
            break
        }
    } else {
        categories = []
    }
    return categories
}

const getSortDirection = () => JSON.parse(sessionStorage.getItem('sortAsc')) || false
const setSortDirection = (ascending) => sessionStorage.setItem('sortAsc', ascending)

const getCollapsedIds = () => JSON.parse(sessionStorage.getItem('collapsedIds')) || []
const setCollapsedIds = (list) => sessionStorage.setItem('collapsedIds', JSON.stringify(list))

module.exports = {
    getVisible,
    hideCategory,
    showCategory,
    getCollapsedIds,
    setCollapsedIds,
    getSort,
    setSort,
    getSortDirection,
    setSortDirection,
    getCollapsedCategory,
    possibleFilters,
}

},{}]},{},[4]);
    </script>
  </footer>
</html>