Error creating Chrome driver: [Errno 8] Exec format error: '/Users/shtlpmac015/.wdm/drivers/chromedriver/mac64/139.0.7258.154/chromedriver-mac-arm64/THIRD_PARTY_NOTICES.chromedriver'
Attempting to use system ChromeDriver...
Starting test: test_privacy_policy_button_functionality
Failure screenshot saved: screenshots/FAILED_before_privacy_policy_test_20250828_095843.png
=== VALIDATING PRIVACY POLICY FUNCTIONALITY ===
Clicking 'Privacy Policy' button
Successfully clicked 'Privacy Policy' button (direct click)
Checking if privacy policy window is displayed
Privacy policy window is displayed successfully
Extracting privacy policy window content
Error getting privacy policy window content: Message: 
Stacktrace:
0   chromedriver                        0x0000000104a32e00 cxxbridge1$str$ptr + 2742224
1   chromedriver                        0x0000000104a2ad00 cxxbridge1$str$ptr + 2709200
2   chromedriver                        0x00000001045750b8 cxxbridge1$string$len + 90520
3   chromedriver                        0x00000001045bc5d8 cxxbridge1$string$len + 382648
4   chromedriver                        0x00000001045fd980 cxxbridge1$string$len + 649824
5   chromedriver                        0x00000001045b08f4 cxxbridge1$string$len + 334292
6   chromedriver                        0x00000001049f6478 cxxbridge1$str$ptr + 2494024
7   chromedriver                        0x00000001049f96a4 cxxbridge1$str$ptr + 2506868
8   chromedriver                        0x00000001049d73b0 cxxbridge1$str$ptr + 2366848
9   chromedriver                        0x00000001049f9f4c cxxbridge1$str$ptr + 2509084
10  chromedriver                        0x00000001049c84a8 cxxbridge1$str$ptr + 2305656
11  chromedriver                        0x0000000104a19644 cxxbridge1$str$ptr + 2637844
12  chromedriver                        0x0000000104a197d0 cxxbridge1$str$ptr + 2638240
13  chromedriver                        0x0000000104a2a94c cxxbridge1$str$ptr + 2708252
14  libsystem_pthread.dylib             0x000000019e30c2e4 _pthread_start + 136
15  libsystem_pthread.dylib             0x000000019e3070fc thread_start + 8

Fallback privacy policy content: Privacy and policy
Personal Information
Name
Email address
Contact information
User credentials (use...
Privacy policy window content validated: 694 characters
Closing privacy policy window using close button
Successfully clicked privacy policy close button
Checking if privacy policy window is displayed
Privacy policy window found but not visible
Privacy policy window closed successfully
✅ Privacy policy window closed successfully
✅ Privacy policy functionality validation completed successfully
✅ Button clicked, window opened, content accessed, and window closed
Failure screenshot saved: screenshots/FAILED_after_privacy_policy_test_20250828_095858.png
Completed test: test_privacy_policy_button_functionality
HTML report generated: /Users/shtlpmac015/Desktop/Jump-UI-Automation/utils/../reports/login_test_report_20250828_095859.html
JSON report exported: /Users/shtlpmac015/Desktop/Jump-UI-Automation/utils/../reports/login_test_report_20250828_095859.json
