[32mINFO    [0m UIAutomationLogger:logger.py:60 USING EXISTING LOGIN SESSION
[32mINFO    [0m UIAutomationLogger:logger.py:60 ==================================================
[32mINFO    [0m UIAutomationLogger:logger.py:60 STARTING TEST: test_complete_valuation_workflow_with_financials
[32mINFO    [0m UIAutomationLogger:logger.py:60 ==================================================
[32mINFO    [0m UIAutomationLogger:logger.py:60 STEP: Testing complete valuation workflow with financials validation
[32mINFO    [0m UIAutomationLogger:logger.py:60 STEP: Navigating to valuations page
[32mINFO    [0m UIAutomationLogger:logger.py:60 STEP: Navigating to valuations page (using existing session)
[32mINFO    [0m UIAutomationLogger:logger.py:60 STEP: Navigating to home page first
[32mINFO    [0m UIAutomationLogger:logger.py:60 STEP: Waiting for home page to fully load
[32mINFO    [0m UIAutomationLogger:logger.py:60 STEP: Attempt 1 to click card 2
[33mWARNING [0m UIAutomationLogger:logger.py:68 STEP: Card 2 click attempt 1 failed
[32mINFO    [0m UIAutomationLogger:logger.py:60 STEP: Attempt 2 to click card 2
[33mWARNING [0m UIAutomationLogger:logger.py:68 STEP: Card 2 click attempt 2 failed
[32mINFO    [0m UIAutomationLogger:logger.py:60 STEP: Attempt 3 to click card 2
[33mWARNING [0m UIAutomationLogger:logger.py:68 STEP: Card 2 click attempt 3 failed
[31m[1mERROR   [0m UIAutomationLogger:logger.py:72 STEP: All attempts to click card 2 failed
[31m[1mERROR   [0m UIAutomationLogger:logger.py:72 Failed to navigate to valuations page
[31m[1mERROR   [0m UIAutomationLogger:logger.py:72 STEP: Complete valuation workflow test failed: Failed to navigate to valuations page
assert False
[32mINFO    [0m UIAutomationLogger:logger.py:60 ==================================================
[32mINFO    [0m UIAutomationLogger:logger.py:60 FINISHED TEST: test_complete_valuation_workflow_with_financials
[32mINFO    [0m UIAutomationLogger:logger.py:60 ==================================================
[33mWARNING [0m UIAutomationLogger:logger.py:68 TEST FAILED: test_complete_valuation_workflow_with_financials - Will close browser for next test
[32mINFO    [0m UIAutomationLogger:logger.py:60 BROWSER CLOSED DUE TO TEST FAILURE