2025-08-29 12:30:04 - UIAutomationLogger - INFO - USING EXISTING LOGIN SESSION
2025-08-29 12:30:06 - UIAutomationLogger - INFO - ==================================================
2025-08-29 12:30:06 - UIAutomationLogger - INFO - STARTING TEST: test_valuations_search_functionality
2025-08-29 12:30:06 - UIAutomationLogger - INFO - ==================================================
2025-08-29 12:30:06 - UIAutomationLogger - INFO - STEP: Testing valuations search functionality
2025-08-29 12:30:06 - UIAutomationLogger - INFO - STEP: Navigating to valuations page (using existing session)
2025-08-29 12:30:06 - UIAutomationLogger - INFO - STEP: Attempting direct URL navigation to valuations
2025-08-29 12:30:06 - UIAutomationLogger - INFO - Trying valuations URL: https://valueinsightpro.jumpiq.com/valuations
2025-08-29 12:30:11 - UIAutomationLogger - INFO - Current URL after navigation: https://valueinsightpro.jumpiq.com/auth/login?redirect=/valuations
2025-08-29 12:30:11 - UIAutomationLogger - WARNING - Direct URL reached valuations but page validation failed
2025-08-29 12:30:11 - UIAutomationLogger - INFO - STEP: Attempting home page card navigation
2025-08-29 12:30:11 - UIAutomationLogger - INFO - STEP: Navigating to home page first
2025-08-29 12:30:16 - UIAutomationLogger - INFO - STEP: Waiting for home page to fully load
2025-08-29 12:30:20 - UIAutomationLogger - INFO - Debug screenshot saved: screenshots/debug_home_page_20250829_123019.png
2025-08-29 12:30:20 - UIAutomationLogger - WARNING - No 'card' text found in page source
2025-08-29 12:30:20 - UIAutomationLogger - INFO - STEP: Attempt 1 to click card 2
2025-08-29 12:32:11 - UIAutomationLogger - WARNING - STEP: Card 2 click attempt 1 failed
2025-08-29 12:32:17 - UIAutomationLogger - INFO - STEP: Attempt 2 to click card 2
2025-08-29 12:34:09 - UIAutomationLogger - WARNING - STEP: Card 2 click attempt 2 failed
2025-08-29 12:34:14 - UIAutomationLogger - INFO - STEP: Attempt 3 to click card 2
2025-08-29 12:36:06 - UIAutomationLogger - WARNING - STEP: Card 2 click attempt 3 failed
2025-08-29 12:36:06 - UIAutomationLogger - ERROR - STEP: All attempts to click card 2 failed
2025-08-29 12:36:06 - UIAutomationLogger - INFO - STEP: Attempting alternative menu navigation
2025-08-29 12:36:46 - UIAutomationLogger - ERROR - All navigation methods failed
2025-08-29 12:36:46 - UIAutomationLogger - ERROR - STEP: Search functionality test failed: Failed to navigate to valuations page
assert False
 +  where False = <bound method TestValuations.navigate_to_valuations_via_home_page of <tests.test_valuations.TestValuations object at 0x104c7c880>>()
 +    where <bound method TestValuations.navigate_to_valuations_via_home_page of <tests.test_valuations.TestValuations object at 0x104c7c880>> = <tests.test_valuations.TestValuations object at 0x104c7c880>.navigate_to_valuations_via_home_page
2025-08-29 12:36:46 - UIAutomationLogger - WARNING - TEST FAILED: test_valuations_search_functionality - Will close browser for next test
2025-08-29 12:36:47 - UIAutomationLogger - INFO - BROWSER CLOSED DUE TO TEST FAILURE
