[32mINFO    [0m UIAutomationLogger:logger.py:60 USING EXISTING LOGIN SESSION
[32mINFO    [0m UIAutomationLogger:logger.py:60 ==================================================
[32mINFO    [0m UIAutomationLogger:logger.py:60 STARTING TEST: test_valuations_search_functionality
[32mINFO    [0m UIAutomationLogger:logger.py:60 ==================================================
[32mINFO    [0m UIAutomationLogger:logger.py:60 STEP: Testing valuations search functionality
[32mINFO    [0m UIAutomationLogger:logger.py:60 STEP: Navigating to valuations page (using existing session)
[32mINFO    [0m UIAutomationLogger:logger.py:60 STEP: Navigating to home page first
[32mINFO    [0m UIAutomationLogger:logger.py:60 STEP: Waiting for home page to fully load
[32mINFO    [0m UIAutomationLogger:logger.py:60 STEP: Attempt 1 to click card 2
[33mWARNING [0m UIAutomationLogger:logger.py:68 STEP: Card 2 click attempt 1 failed
[32mINFO    [0m UIAutomationLogger:logger.py:60 STEP: Attempt 2 to click card 2
[33mWARNING [0m UIAutomationLogger:logger.py:68 STEP: Card 2 click attempt 2 failed
[32mINFO    [0m UIAutomationLogger:logger.py:60 STEP: Attempt 3 to click card 2
[33mWARNING [0m UIAutomationLogger:logger.py:68 STEP: Card 2 click attempt 3 failed
[31m[1mERROR   [0m UIAutomationLogger:logger.py:72 STEP: All attempts to click card 2 failed
[31m[1mERROR   [0m UIAutomationLogger:logger.py:72 STEP: Search functionality test failed: Failed to navigate to valuations page
assert False
 +  where False = <bound method TestValuations.navigate_to_valuations_via_home_page of <tests.test_valuations.TestValuations object at 0x10896b9d0>>()
 +    where <bound method TestValuations.navigate_to_valuations_via_home_page of <tests.test_valuations.TestValuations object at 0x10896b9d0>> = <tests.test_valuations.TestValuations object at 0x10896b9d0>.navigate_to_valuations_via_home_page
[33mWARNING [0m UIAutomationLogger:logger.py:68 TEST FAILED: test_valuations_search_functionality - Will close browser for next test
[32mINFO    [0m UIAutomationLogger:logger.py:60 BROWSER CLOSED DUE TO TEST FAILURE