Error creating Chrome driver: [Errno 8] Exec format error: '/Users/shtlpmac015/.wdm/drivers/chromedriver/mac64/139.0.7258.154/chromedriver-mac-arm64/THIRD_PARTY_NOTICES.chromedriver'
Attempting to use system ChromeDriver...
Starting test: test_otp_expiration_and_resend_functionality
Test data loaded from: /Users/shtlpmac015/Desktop/Jump-UI-Automation/utils/../test_data/test_data.json
Credentials loaded from config file: /Users/shtlpmac015/Desktop/Jump-UI-Automation/utils/../config/config.yaml
Test data loaded from: /Users/shtlpmac015/Desktop/Jump-UI-Automation/utils/../test_data/test_data.json
Starting test: test_otp_expiration_and_resend_functionality
Using credentials from config file for: valid_user
Button state validation passed
Locator not found: login_page.invalid_credentials - 'invalid_credentials'
Locator not found: login_page.fields_required - 'fields_required'
Login successful - redirected to OTP page
OTP page loaded successfully
Failure screenshot saved: screenshots/FAILED_otp_expiration_test_start_20250828_100457.png
Waiting 2 minutes (120 seconds) for OTP to expire...
Waiting... 1/2 minutes elapsed
Waiting... 2/2 minutes elapsed
OTP expiration wait completed - waited 2 minutes
Checking if resend OTP button is clickable
Error checking resend button clickability: Message: 

Failure screenshot saved: screenshots/FAILED_otp_after_expiration_20250828_100709.png
Failure screenshot saved: screenshots/FAILED_otp_expiration_resend_error_20250828_100710.png
Completed test: test_otp_expiration_and_resend_functionality
Completed test: test_otp_expiration_and_resend_functionality
