{"uid":"85d71a4694415f7a","name":"Complete end-to-end test: Login -> OTP -> Home -> Card 2 -> Valuations -> Search","fullName":"tests.test_valuations.TestValuations#test_end_to_end_valuations_workflow","historyId":"29fc40e784abadec62175f0ed8dc1ce2","time":{"start":1756359286072,"stop":1756359640472,"duration":354400},"description":"Complete end-to-end test: Login -> OTP -> Home -> Card 2 -> Valuations -> Search","descriptionHtml":"<p>Complete end-to-end test: Login -&gt; OTP -&gt; Home -&gt; Card 2 -&gt; Valuations -&gt; Search</p>\n","status":"failed","statusMessage":"AssertionError: Failed to complete end-to-end navigation\nassert False\n +  where False = <bound method TestValuations.navigate_to_valuations_via_home_page of <tests.test_valuations.TestValuations object at 0x10896b250>>()\n +    where <bound method TestValuations.navigate_to_valuations_via_home_page of <tests.test_valuations.TestValuations object at 0x10896b250>> = <tests.test_valuations.TestValuations object at 0x10896b250>.navigate_to_valuations_via_home_page","statusTrace":"tests/test_valuations.py:370: in test_end_to_end_valuations_workflow\n    assert self.navigate_to_valuations_via_home_page(), \"Failed to complete end-to-end navigation\"\nE   AssertionError: Failed to complete end-to-end navigation\nE   assert False\nE    +  where False = <bound method TestValuations.navigate_to_valuations_via_home_page of <tests.test_valuations.TestValuations object at 0x10896b250>>()\nE    +    where <bound method TestValuations.navigate_to_valuations_via_home_page of <tests.test_valuations.TestValuations object at 0x10896b250>> = <tests.test_valuations.TestValuations object at 0x10896b250>.navigate_to_valuations_via_home_page","flaky":false,"newFailed":false,"newBroken":false,"newPassed":false,"retriesCount":0,"retriesStatusChange":false,"beforeStages":[{"name":"_session_faker","time":{"start":1756358714496,"stop":1756358714659,"duration":163},"status":"passed","steps":[],"attachments":[],"parameters":[],"stepsCount":0,"shouldDisplayMessage":false,"attachmentsCount":0,"hasContent":false,"attachmentStep":false},{"name":"_xunit_setup_class_fixture_TestValuations","time":{"start":1756358714660,"stop":1756358714664,"duration":4},"status":"passed","steps":[],"attachments":[],"parameters":[],"stepsCount":0,"shouldDisplayMessage":false,"attachmentsCount":0,"hasContent":false,"attachmentStep":false},{"name":"_xunit_setup_method_fixture_TestValuations","time":{"start":1756359281986,"stop":1756359286070,"duration":4084},"status":"passed","steps":[],"attachments":[],"parameters":[],"stepsCount":0,"shouldDisplayMessage":false,"attachmentsCount":0,"hasContent":false,"attachmentStep":false}],"testStage":{"description":"Complete end-to-end test: Login -> OTP -> Home -> Card 2 -> Valuations -> Search","status":"failed","statusMessage":"AssertionError: Failed to complete end-to-end navigation\nassert False\n +  where False = <bound method TestValuations.navigate_to_valuations_via_home_page of <tests.test_valuations.TestValuations object at 0x10896b250>>()\n +    where <bound method TestValuations.navigate_to_valuations_via_home_page of <tests.test_valuations.TestValuations object at 0x10896b250>> = <tests.test_valuations.TestValuations object at 0x10896b250>.navigate_to_valuations_via_home_page","statusTrace":"tests/test_valuations.py:370: in test_end_to_end_valuations_workflow\n    assert self.navigate_to_valuations_via_home_page(), \"Failed to complete end-to-end navigation\"\nE   AssertionError: Failed to complete end-to-end navigation\nE   assert False\nE    +  where False = <bound method TestValuations.navigate_to_valuations_via_home_page of <tests.test_valuations.TestValuations object at 0x10896b250>>()\nE    +    where <bound method TestValuations.navigate_to_valuations_via_home_page of <tests.test_valuations.TestValuations object at 0x10896b250>> = <tests.test_valuations.TestValuations object at 0x10896b250>.navigate_to_valuations_via_home_page","steps":[],"attachments":[{"uid":"e347232b79484b81","name":"log","source":"e347232b79484b81.txt","type":"text/plain","size":2027},{"uid":"95b61f9da7675461","name":"stdout","source":"95b61f9da7675461.txt","type":"text/plain","size":23423},{"uid":"f038a503483eec6b","name":"stderr","source":"f038a503483eec6b.txt","type":"text/plain","size":2031}],"parameters":[],"stepsCount":0,"shouldDisplayMessage":true,"attachmentsCount":3,"hasContent":true,"attachmentStep":false},"afterStages":[{"name":"_xunit_setup_method_fixture_TestValuations::0","time":{"start":1756359640487,"stop":1756359642735,"duration":2248},"status":"passed","steps":[],"attachments":[],"parameters":[],"stepsCount":0,"shouldDisplayMessage":false,"attachmentsCount":0,"hasContent":false,"attachmentStep":false},{"name":"_xunit_setup_class_fixture_TestValuations::0","time":{"start":1756362785655,"stop":1756362785655,"duration":0},"status":"passed","steps":[],"attachments":[],"parameters":[],"stepsCount":0,"shouldDisplayMessage":false,"attachmentsCount":0,"hasContent":false,"attachmentStep":false}],"labels":[{"name":"story","value":"End-to-End Valuations Workflow"},{"name":"feature","value":"Valuations and Financial Calculations"},{"name":"epic","value":"UI Automation Test Suite"},{"name":"story","value":"Valuations Page Navigation and Financial Formula Validation"},{"name":"parentSuite","value":"tests"},{"name":"suite","value":"test_valuations"},{"name":"subSuite","value":"TestValuations"},{"name":"host","value":"SHTLPMac015s-MacBook-Pro.local"},{"name":"thread","value":"52404-MainThread"},{"name":"framework","value":"pytest"},{"name":"language","value":"cpython3"},{"name":"package","value":"tests.test_valuations"},{"name":"resultFormat","value":"allure2"}],"parameters":[],"links":[],"hidden":true,"retry":true,"extra":{"categories":[],"tags":[]},"source":"85d71a4694415f7a.json","parameterValues":[]}