{"uid":"6348024a6985f32d","name":"Test complete new valuation workflow in one go","fullName":"tests.test_valuations.TestValuations#test_complete_new_valuation_workflow","historyId":"bd253a1e62c43b54db6b0b6b7fc03bca","time":{"start":1756360008671,"stop":1756360362949,"duration":354278},"description":"Test complete new valuation workflow in one go","descriptionHtml":"<p>Test complete new valuation workflow in one go</p>\n","status":"failed","statusMessage":"AssertionError: Failed to navigate to valuations page\nassert False\n +  where False = <bound method TestValuations.navigate_to_valuations_via_home_page of <tests.test_valuations.TestValuations object at 0x10896bee0>>()\n +    where <bound method TestValuations.navigate_to_valuations_via_home_page of <tests.test_valuations.TestValuations object at 0x10896bee0>> = <tests.test_valuations.TestValuations object at 0x10896bee0>.navigate_to_valuations_via_home_page","statusTrace":"tests/test_valuations.py:444: in test_complete_new_valuation_workflow\n    assert self.navigate_to_valuations_via_home_page(), \"Failed to navigate to valuations page\"\nE   AssertionError: Failed to navigate to valuations page\nE   assert False\nE    +  where False = <bound method TestValuations.navigate_to_valuations_via_home_page of <tests.test_valuations.TestValuations object at 0x10896bee0>>()\nE    +    where <bound method TestValuations.navigate_to_valuations_via_home_page of <tests.test_valuations.TestValuations object at 0x10896bee0>> = <tests.test_valuations.TestValuations object at 0x10896bee0>.navigate_to_valuations_via_home_page","flaky":false,"newFailed":false,"newBroken":false,"newPassed":false,"retriesCount":0,"retriesStatusChange":false,"beforeStages":[{"name":"_session_faker","time":{"start":1756358714496,"stop":1756358714659,"duration":163},"status":"passed","steps":[],"attachments":[],"parameters":[],"stepsCount":0,"shouldDisplayMessage":false,"attachmentsCount":0,"hasContent":false,"attachmentStep":false},{"name":"_xunit_setup_class_fixture_TestValuations","time":{"start":1756358714660,"stop":1756358714664,"duration":4},"status":"passed","steps":[],"attachments":[],"parameters":[],"stepsCount":0,"shouldDisplayMessage":false,"attachmentsCount":0,"hasContent":false,"attachmentStep":false},{"name":"_xunit_setup_method_fixture_TestValuations","time":{"start":1756360003837,"stop":1756360008669,"duration":4832},"status":"passed","steps":[],"attachments":[],"parameters":[],"stepsCount":0,"shouldDisplayMessage":false,"attachmentsCount":0,"hasContent":false,"attachmentStep":false}],"testStage":{"description":"Test complete new valuation workflow in one go","status":"failed","statusMessage":"AssertionError: Failed to navigate to valuations page\nassert False\n +  where False = <bound method TestValuations.navigate_to_valuations_via_home_page of <tests.test_valuations.TestValuations object at 0x10896bee0>>()\n +    where <bound method TestValuations.navigate_to_valuations_via_home_page of <tests.test_valuations.TestValuations object at 0x10896bee0>> = <tests.test_valuations.TestValuations object at 0x10896bee0>.navigate_to_valuations_via_home_page","statusTrace":"tests/test_valuations.py:444: in test_complete_new_valuation_workflow\n    assert self.navigate_to_valuations_via_home_page(), \"Failed to navigate to valuations page\"\nE   AssertionError: Failed to navigate to valuations page\nE   assert False\nE    +  where False = <bound method TestValuations.navigate_to_valuations_via_home_page of <tests.test_valuations.TestValuations object at 0x10896bee0>>()\nE    +    where <bound method TestValuations.navigate_to_valuations_via_home_page of <tests.test_valuations.TestValuations object at 0x10896bee0>> = <tests.test_valuations.TestValuations object at 0x10896bee0>.navigate_to_valuations_via_home_page","steps":[],"attachments":[{"uid":"8033d8b1b98a164","name":"log","source":"8033d8b1b98a164.txt","type":"text/plain","size":2018},{"uid":"5be18def5b90abfe","name":"stdout","source":"5be18def5b90abfe.txt","type":"text/plain","size":23437},{"uid":"6ea0602eefbdb136","name":"stderr","source":"6ea0602eefbdb136.txt","type":"text/plain","size":2022}],"parameters":[],"stepsCount":0,"shouldDisplayMessage":true,"attachmentsCount":3,"hasContent":true,"attachmentStep":false},"afterStages":[{"name":"_xunit_setup_method_fixture_TestValuations::0","time":{"start":1756360362961,"stop":1756360365331,"duration":2370},"status":"passed","steps":[],"attachments":[],"parameters":[],"stepsCount":0,"shouldDisplayMessage":false,"attachmentsCount":0,"hasContent":false,"attachmentStep":false},{"name":"_xunit_setup_class_fixture_TestValuations::0","time":{"start":1756362785655,"stop":1756362785655,"duration":0},"status":"passed","steps":[],"attachments":[],"parameters":[],"stepsCount":0,"shouldDisplayMessage":false,"attachmentsCount":0,"hasContent":false,"attachmentStep":false}],"labels":[{"name":"feature","value":"Valuations and Financial Calculations"},{"name":"story","value":"Complete New Valuation Workflow"},{"name":"epic","value":"UI Automation Test Suite"},{"name":"story","value":"Valuations Page Navigation and Financial Formula Validation"},{"name":"parentSuite","value":"tests"},{"name":"suite","value":"test_valuations"},{"name":"subSuite","value":"TestValuations"},{"name":"host","value":"SHTLPMac015s-MacBook-Pro.local"},{"name":"thread","value":"52404-MainThread"},{"name":"framework","value":"pytest"},{"name":"language","value":"cpython3"},{"name":"package","value":"tests.test_valuations"},{"name":"resultFormat","value":"allure2"}],"parameters":[],"links":[],"hidden":false,"retry":false,"extra":{"severity":"normal","retries":[],"categories":[{"name":"Product defects","matchedStatuses":[]}],"tags":[]},"source":"6348024a6985f32d.json","parameterValues":[]}