{"uid":"931ea5d827529b0c","name":"Complete end-to-end test: Login -> OTP -> Home -> Card 2 -> Valuations -> Search","fullName":"tests.test_valuations.TestValuations#test_end_to_end_valuations_workflow","historyId":"29fc40e784abadec62175f0ed8dc1ce2","time":{"start":1756451285241,"stop":1756452351853,"duration":1066612},"description":"Complete end-to-end test: Login -> OTP -> Home -> Card 2 -> Valuations -> Search","descriptionHtml":"<p>Complete end-to-end test: Login -&gt; OTP -&gt; Home -&gt; Card 2 -&gt; Valuations -&gt; Search</p>\n","status":"failed","statusMessage":"AssertionError: Failed to complete end-to-end navigation\nassert False\n +  where False = <bound method TestValuations.navigate_to_valuations_via_home_page of <tests.test_valuations.TestValuations object at 0x104c7c9d0>>()\n +    where <bound method TestValuations.navigate_to_valuations_via_home_page of <tests.test_valuations.TestValuations object at 0x104c7c9d0>> = <tests.test_valuations.TestValuations object at 0x104c7c9d0>.navigate_to_valuations_via_home_page","statusTrace":"tests/test_valuations.py:457: in test_end_to_end_valuations_workflow\n    assert self.navigate_to_valuations_via_home_page(), \"Failed to complete end-to-end navigation\"\nE   AssertionError: Failed to complete end-to-end navigation\nE   assert False\nE    +  where False = <bound method TestValuations.navigate_to_valuations_via_home_page of <tests.test_valuations.TestValuations object at 0x104c7c9d0>>()\nE    +    where <bound method TestValuations.navigate_to_valuations_via_home_page of <tests.test_valuations.TestValuations object at 0x104c7c9d0>> = <tests.test_valuations.TestValuations object at 0x104c7c9d0>.navigate_to_valuations_via_home_page","flaky":false,"newFailed":false,"newBroken":false,"newPassed":false,"retriesCount":1,"retriesStatusChange":false,"beforeStages":[{"name":"_xunit_setup_method_fixture_TestValuations","time":{"start":1756451279015,"stop":1756451285237,"duration":6222},"status":"passed","steps":[],"attachments":[],"parameters":[],"stepsCount":0,"shouldDisplayMessage":false,"attachmentsCount":0,"hasContent":false,"attachmentStep":false}],"testStage":{"description":"Complete end-to-end test: Login -> OTP -> Home -> Card 2 -> Valuations -> Search","status":"failed","statusMessage":"AssertionError: Failed to complete end-to-end navigation\nassert False\n +  where False = <bound method TestValuations.navigate_to_valuations_via_home_page of <tests.test_valuations.TestValuations object at 0x104c7c9d0>>()\n +    where <bound method TestValuations.navigate_to_valuations_via_home_page of <tests.test_valuations.TestValuations object at 0x104c7c9d0>> = <tests.test_valuations.TestValuations object at 0x104c7c9d0>.navigate_to_valuations_via_home_page","statusTrace":"tests/test_valuations.py:457: in test_end_to_end_valuations_workflow\n    assert self.navigate_to_valuations_via_home_page(), \"Failed to complete end-to-end navigation\"\nE   AssertionError: Failed to complete end-to-end navigation\nE   assert False\nE    +  where False = <bound method TestValuations.navigate_to_valuations_via_home_page of <tests.test_valuations.TestValuations object at 0x104c7c9d0>>()\nE    +    where <bound method TestValuations.navigate_to_valuations_via_home_page of <tests.test_valuations.TestValuations object at 0x104c7c9d0>> = <tests.test_valuations.TestValuations object at 0x104c7c9d0>.navigate_to_valuations_via_home_page","steps":[],"attachments":[{"uid":"44dbec3352fde0f1","name":"log","source":"44dbec3352fde0f1.txt","type":"text/plain","size":5369},{"uid":"c228c9a4cda8b5ac","name":"stdout","source":"c228c9a4cda8b5ac.txt","type":"text/plain","size":19421},{"uid":"d2e7618fc4168111","name":"stderr","source":"d2e7618fc4168111.txt","type":"text/plain","size":5383}],"parameters":[],"stepsCount":0,"shouldDisplayMessage":true,"attachmentsCount":3,"hasContent":true,"attachmentStep":false},"afterStages":[{"name":"_xunit_setup_method_fixture_TestValuations::0","time":{"start":1756452351887,"stop":1756452351890,"duration":3},"status":"passed","steps":[],"attachments":[],"parameters":[],"stepsCount":0,"shouldDisplayMessage":false,"attachmentsCount":0,"hasContent":false,"attachmentStep":false}],"labels":[{"name":"epic","value":"UI Automation Test Suite"},{"name":"feature","value":"Valuations and Financial Calculations"},{"name":"story","value":"Valuations Page Navigation and Financial Formula Validation"},{"name":"story","value":"End-to-End Valuations Workflow"},{"name":"parentSuite","value":"tests"},{"name":"suite","value":"test_valuations"},{"name":"subSuite","value":"TestValuations"},{"name":"host","value":"SHTLPMac015s-MacBook-Pro.local"},{"name":"thread","value":"45239-MainThread"},{"name":"framework","value":"pytest"},{"name":"language","value":"cpython3"},{"name":"package","value":"tests.test_valuations"},{"name":"resultFormat","value":"allure2"}],"parameters":[],"links":[],"hidden":false,"retry":false,"extra":{"severity":"normal","retries":[{"uid":"7e0e94857a9634a0","status":"failed","statusDetails":"AssertionError: Failed to complete end-to-end navigation\nassert False\n +  where False = <bound method TestValuations.navigate_to_valuations_via_home_page of <tests.test_valuations.TestValuations object at 0x10896b250>>()\n +    where <bound method TestValuations.navigate_to_valuations_via_home_page of <tests.test_valuations.TestValuations object at 0x10896b250>> = <tests.test_valuations.TestValuations object at 0x10896b250>.navigate_to_valuations_via_home_page","time":{"start":1756359286072,"stop":1756359640472,"duration":354400}}],"categories":[{"name":"Product defects","matchedStatuses":[]}],"tags":[]},"source":"931ea5d827529b0c.json","parameterValues":[]}