{"uid":"2328988eeb8eb9bc","name":"Test radius page data extraction for Acura of Ramsey","fullName":"tests.test_valuations.TestValuations#test_radius_data_extraction_for_dealer","historyId":"7466b524ecd6f219f792520ff3b6c0f0","time":{"start":1756362428600,"stop":1756362783379,"duration":354779},"description":"Test extracting radius page data for Acura of Ramsey dealer","descriptionHtml":"<p>Test extracting radius page data for Acura of Ramsey dealer</p>\n","status":"failed","statusMessage":"AssertionError: Failed to navigate to valuations page\nassert False\n +  where False = <bound method TestValuations.navigate_to_valuations_via_home_page of <tests.test_valuations.TestValuations object at 0x1089782e0>>()\n +    where <bound method TestValuations.navigate_to_valuations_via_home_page of <tests.test_valuations.TestValuations object at 0x1089782e0>> = <tests.test_valuations.TestValuations object at 0x1089782e0>.navigate_to_valuations_via_home_page","statusTrace":"tests/test_valuations.py:947: in test_radius_data_extraction_for_dealer\n    assert self.navigate_to_valuations_via_home_page(), \"Failed to navigate to valuations page\"\nE   AssertionError: Failed to navigate to valuations page\nE   assert False\nE    +  where False = <bound method TestValuations.navigate_to_valuations_via_home_page of <tests.test_valuations.TestValuations object at 0x1089782e0>>()\nE    +    where <bound method TestValuations.navigate_to_valuations_via_home_page of <tests.test_valuations.TestValuations object at 0x1089782e0>> = <tests.test_valuations.TestValuations object at 0x1089782e0>.navigate_to_valuations_via_home_page","flaky":false,"newFailed":false,"newBroken":false,"newPassed":false,"retriesCount":0,"retriesStatusChange":false,"beforeStages":[{"name":"_session_faker","time":{"start":1756358714496,"stop":1756358714659,"duration":163},"status":"passed","steps":[],"attachments":[],"parameters":[],"stepsCount":0,"shouldDisplayMessage":false,"attachmentsCount":0,"hasContent":false,"attachmentStep":false},{"name":"_xunit_setup_class_fixture_TestValuations","time":{"start":1756358714660,"stop":1756358714664,"duration":4},"status":"passed","steps":[],"attachments":[],"parameters":[],"stepsCount":0,"shouldDisplayMessage":false,"attachmentsCount":0,"hasContent":false,"attachmentStep":false},{"name":"_xunit_setup_method_fixture_TestValuations","time":{"start":1756362423504,"stop":1756362428597,"duration":5093},"status":"passed","steps":[],"attachments":[],"parameters":[],"stepsCount":0,"shouldDisplayMessage":false,"attachmentsCount":0,"hasContent":false,"attachmentStep":false}],"testStage":{"description":"Test extracting radius page data for Acura of Ramsey dealer","status":"failed","statusMessage":"AssertionError: Failed to navigate to valuations page\nassert False\n +  where False = <bound method TestValuations.navigate_to_valuations_via_home_page of <tests.test_valuations.TestValuations object at 0x1089782e0>>()\n +    where <bound method TestValuations.navigate_to_valuations_via_home_page of <tests.test_valuations.TestValuations object at 0x1089782e0>> = <tests.test_valuations.TestValuations object at 0x1089782e0>.navigate_to_valuations_via_home_page","statusTrace":"tests/test_valuations.py:947: in test_radius_data_extraction_for_dealer\n    assert self.navigate_to_valuations_via_home_page(), \"Failed to navigate to valuations page\"\nE   AssertionError: Failed to navigate to valuations page\nE   assert False\nE    +  where False = <bound method TestValuations.navigate_to_valuations_via_home_page of <tests.test_valuations.TestValuations object at 0x1089782e0>>()\nE    +    where <bound method TestValuations.navigate_to_valuations_via_home_page of <tests.test_valuations.TestValuations object at 0x1089782e0>> = <tests.test_valuations.TestValuations object at 0x1089782e0>.navigate_to_valuations_via_home_page","steps":[],"attachments":[{"uid":"e62242ede0903358","name":"log","source":"e62242ede0903358.txt","type":"text/plain","size":2328},{"uid":"926fde1d5cc40116","name":"stdout","source":"926fde1d5cc40116.txt","type":"text/plain","size":23426},{"uid":"e85d31d2d02010bf","name":"stderr","source":"e85d31d2d02010bf.txt","type":"text/plain","size":2332}],"parameters":[],"stepsCount":0,"shouldDisplayMessage":true,"attachmentsCount":3,"hasContent":true,"attachmentStep":false},"afterStages":[{"name":"_xunit_setup_method_fixture_TestValuations::0","time":{"start":1756362783395,"stop":1756362785652,"duration":2257},"status":"passed","steps":[],"attachments":[],"parameters":[],"stepsCount":0,"shouldDisplayMessage":false,"attachmentsCount":0,"hasContent":false,"attachmentStep":false},{"name":"_xunit_setup_class_fixture_TestValuations::0","time":{"start":1756362785655,"stop":1756362785655,"duration":0},"status":"passed","steps":[],"attachments":[],"parameters":[],"stepsCount":0,"shouldDisplayMessage":false,"attachmentsCount":0,"hasContent":false,"attachmentStep":false}],"labels":[{"name":"feature","value":"Valuations and Financial Calculations"},{"name":"story","value":"Radius Data Extraction Test"},{"name":"epic","value":"UI Automation Test Suite"},{"name":"story","value":"Valuations Page Navigation and Financial Formula Validation"},{"name":"parentSuite","value":"tests"},{"name":"suite","value":"test_valuations"},{"name":"subSuite","value":"TestValuations"},{"name":"host","value":"SHTLPMac015s-MacBook-Pro.local"},{"name":"thread","value":"52404-MainThread"},{"name":"framework","value":"pytest"},{"name":"language","value":"cpython3"},{"name":"package","value":"tests.test_valuations"},{"name":"resultFormat","value":"allure2"}],"parameters":[],"links":[],"hidden":false,"retry":false,"extra":{"severity":"normal","retries":[],"categories":[{"name":"Product defects","matchedStatuses":[]}],"tags":[]},"source":"2328988eeb8eb9bc.json","parameterValues":[]}